192.168.1.100 - - [10/Oct/2023:13:55:36 +0000] "GET /admin HTTP/1.1" 404 209
192.168.1.100 - - [10/Oct/2023:13:55:37 +0000] "POST /login HTTP/1.1" 401 234
192.168.1.100 - - [10/Oct/2023:13:55:38 +0000] "POST /login HTTP/1.1" 401 234
192.168.1.100 - - [10/Oct/2023:13:55:39 +0000] "POST /login HTTP/1.1" 401 234
192.168.1.100 - - [10/Oct/2023:13:55:40 +0000] "POST /login HTTP/1.1" 401 234
192.168.1.100 - - [10/Oct/2023:13:55:41 +0000] "POST /login HTTP/1.1" 401 234
192.168.1.101 - - [10/Oct/2023:13:56:00 +0000] "GET /wp-admin HTTP/1.1" 404 209
192.168.1.101 - - [10/Oct/2023:13:56:01 +0000] "GET /wp-login.php HTTP/1.1" 200 1234
192.168.1.101 - - [10/Oct/2023:13:56:02 +0000] "POST /wp-login.php HTTP/1.1" 401 234
192.168.1.101 - - [10/Oct/2023:13:56:03 +0000] "POST /wp-login.php HTTP/1.1" 401 234
10.0.0.15 - - [10/Oct/2023:13:57:00 +0000] "GET /index.php?id=1' OR '1'='1 HTTP/1.1" 500 456
10.0.0.15 - - [10/Oct/2023:13:57:01 +0000] "GET /search?q=<script>alert('XSS')</script> HTTP/1.1" 400 321
10.0.0.15 - - [10/Oct/2023:13:57:02 +0000] "GET /files/../../../../etc/passwd HTTP/1.1" 404 209
192.168.1.200 - - [10/Oct/2023:13:58:00 +0000] "GET / HTTP/1.1" 200 1234
192.168.1.200 - - [10/Oct/2023:13:58:01 +0000] "GET /about HTTP/1.1" 200 567
192.168.1.200 - - [10/Oct/2023:13:58:02 +0000] "GET /contact HTTP/1.1" 200 890
172.16.0.50 - - [10/Oct/2023:13:59:00 +0000] "GET / HTTP/1.1" 200 1234
172.16.0.50 - - [10/Oct/2023:13:59:01 +0000] "GET /robots.txt HTTP/1.1" 404 209
172.16.0.50 - - [10/Oct/2023:13:59:02 +0000] "GET /sitemap.xml HTTP/1.1" 404 209
172.16.162 - - [31/Mar/2026:16:29:20 +0000] "GET /api/users?id=1 OR 1=1 HTTP/1.1" 403 123 "-" "curl/7.68.0"
192.168.248 - - [31/Mar/2026:16:30:00 +0000] "GET /admin/config.php HTTP/1.1" 404 234 "-" "Mozilla/5.0"
192.168.15 - - [31/Mar/2026:16:33:45 +0000] "GET /images/logo.png HTTP/1.1" 200 4567 "-" "Mozilla/5.0"
172.16.41 - - [31/Mar/2026:16:34:05 +0000] "GET /api/users?id=1 OR 1=1 HTTP/1.1" 403 123 "-" "curl/7.68.0"
192.168.177 - - [31/Mar/2026:16:34:55 +0000] "GET /images/logo.png HTTP/1.1" 200 4567 "-" "Mozilla/5.0"
10.0.84 - - [31/Mar/2026:16:35:25 +0000] "POST /search?q=<script>alert(1)</script> HTTP/1.1" 403 89 "-" "Mozilla/5.0"
192.168.55 - - [31/Mar/2026:16:35:35 +0000] "GET /admin/config.php HTTP/1.1" 404 234 "-" "Mozilla/5.0"
172.16.10 - - [31/Mar/2026:16:36:25 +0000] "GET /api/users?id=1 OR 1=1 HTTP/1.1" 403 123 "-" "curl/7.68.0"
10.0.220 - - [31/Mar/2026:16:36:45 +0000] "POST /search?q=<script>alert(1)</script> HTTP/1.1" 403 89 "-" "Mozilla/5.0"
10.0.131 - - [31/Mar/2026:16:36:57 +0000] "POST /login.php HTTP/1.1" 200 567 "-" "Mozilla/5.0"
192.168.166 - - [31/Mar/2026:16:37:07 +0000] "GET /admin/config.php HTTP/1.1" 404 234 "-" "Mozilla/5.0"
10.0.88 - - [31/Mar/2026:16:37:15 +0000] "POST /login.php HTTP/1.1" 200 567 "-" "Mozilla/5.0"
172.16.202 - - [31/Mar/2026:16:37:17 +0000] "GET /api/users?id=1 OR 1=1 HTTP/1.1" 403 123 "-" "curl/7.68.0"
10.0.20 - - [31/Mar/2026:16:37:25 +0000] "POST /login.php HTTP/1.1" 200 567 "-" "Mozilla/5.0"
172.16.212 - - [31/Mar/2026:16:37:35 +0000] "GET /api/users?id=1 OR 1=1 HTTP/1.1" 403 123 "-" "curl/7.68.0"
10.0.20 - - [31/Mar/2026:16:37:47 +0000] "POST /login.php HTTP/1.1" 200 567 "-" "Mozilla/5.0"
192.168.232 - - [31/Mar/2026:16:37:57 +0000] "GET /images/logo.png HTTP/1.1" 200 4567 "-" "Mozilla/5.0"
192.168.162 - - [31/Mar/2026:16:38:15 +0000] "GET /images/logo.png HTTP/1.1" 200 4567 "-" "Mozilla/5.0"
192.168.136 - - [31/Mar/2026:16:38:35 +0000] "GET /images/logo.png HTTP/1.1" 200 4567 "-" "Mozilla/5.0"
172.16.207 - - [31/Mar/2026:16:39:25 +0000] "GET /api/users?id=1 OR 1=1 HTTP/1.1" 403 123 "-" "curl/7.68.0"
192.168.157 - - [31/Mar/2026:16:39:35 +0000] "GET /admin/config.php HTTP/1.1" 404 234 "-" "Mozilla/5.0"
172.16.250 - - [31/Mar/2026:16:39:55 +0000] "GET /api/users?id=1 OR 1=1 HTTP/1.1" 403 123 "-" "curl/7.68.0"
10.0.75 - - [31/Mar/2026:16:40:15 +0000] "POST /search?q=<script>alert(1)</script> HTTP/1.1" 403 89 "-" "Mozilla/5.0"
10.0.99 - - [31/Mar/2026:16:41:15 +0000] "POST /login.php HTTP/1.1" 200 567 "-" "Mozilla/5.0"
10.0.211 - - [31/Mar/2026:16:41:35 +0000] "POST /search?q=<script>alert(1)</script> HTTP/1.1" 403 89 "-" "Mozilla/5.0"
172.16.67 - - [31/Mar/2026:16:42:25 +0000] "GET /api/users?id=1 OR 1=1 HTTP/1.1" 403 123 "-" "curl/7.68.0"
192.168.93 - - [31/Mar/2026:16:45:49 +0000] "GET /images/logo.png HTTP/1.1" 200 4567 "-" "Mozilla/5.0"
10.0.68 - - [31/Mar/2026:16:45:59 +0000] "POST /login.php HTTP/1.1" 200 567 "-" "Mozilla/5.0"
10.0.23 - - [31/Mar/2026:16:46:49 +0000] "POST /login.php HTTP/1.1" 200 567 "-" "Mozilla/5.0"
192.168.126 - - [31/Mar/2026:16:47:29 +0000] "GET /images/logo.png HTTP/1.1" 200 4567 "-" "Mozilla/5.0"
10.0.106 - - [31/Mar/2026:16:48:09 +0000] "POST /search?q=<script>alert(1)</script> HTTP/1.1" 403 89 "-" "Mozilla/5.0"
172.16.225 - - [31/Mar/2026:16:50:22 +0000] "GET /api/users?id=1 OR 1=1 HTTP/1.1" 403 123 "-" "curl/7.68.0"
172.16.235 - - [31/Mar/2026:16:50:52 +0000] "GET /api/users?id=1 OR 1=1 HTTP/1.1" 403 123 "-" "curl/7.68.0"
10.0.43 - - [31/Mar/2026:16:51:02 +0000] "POST /login.php HTTP/1.1" 200 567 "-" "Mozilla/5.0"
192.168.79 - - [31/Mar/2026:16:51:42 +0000] "GET /admin/config.php HTTP/1.1" 404 234 "-" "Mozilla/5.0"
192.168.46 - - [31/Mar/2026:16:55:38 +0000] "GET /images/logo.png HTTP/1.1" 200 4567 "-" "Mozilla/5.0"
192.168.154 - - [31/Mar/2026:16:55:48 +0000] "GET /images/logo.png HTTP/1.1" 200 4567 "-" "Mozilla/5.0"
10.0.108 - - [01/Apr/2026:10:08:18 +0000] "POST /login.php HTTP/1.1" 200 567 "-" "Mozilla/5.0"
10.0.182 - - [01/Apr/2026:10:09:18 +0000] "POST /login.php HTTP/1.1" 200 567 "-" "Mozilla/5.0"
172.16.49 - - [01/Apr/2026:10:09:38 +0000] "GET /api/users?id=1 OR 1=1 HTTP/1.1" 403 123 "-" "curl/7.68.0"
172.16.167 - - [01/Apr/2026:10:09:48 +0000] "GET /api/users?id=1 OR 1=1 HTTP/1.1" 403 123 "-" "curl/7.68.0"
192.168.84 - - [01/Apr/2026:10:09:58 +0000] "GET /admin/config.php HTTP/1.1" 404 234 "-" "Mozilla/5.0"
10.0.195 - - [01/Apr/2026:10:10:08 +0000] "POST /login.php HTTP/1.1" 200 567 "-" "Mozilla/5.0"
10.0.68 - - [01/Apr/2026:10:10:38 +0000] "POST /login.php HTTP/1.1" 200 567 "-" "Mozilla/5.0"
192.168.86 - - [01/Apr/2026:13:08:59 +0000] "GET /admin/config.php HTTP/1.1" 404 234 "-" "Mozilla/5.0"
172.16.29 - - [01/Apr/2026:13:09:19 +0000] "GET /api/users?id=1 OR 1=1 HTTP/1.1" 403 123 "-" "curl/7.68.0"
172.16.50 - - [01/Apr/2026:13:09:39 +0000] "GET /api/users?id=1 OR 1=1 HTTP/1.1" 403 123 "-" "curl/7.68.0"
10.0.183 - - [01/Apr/2026:13:10:19 +0000] "POST /login.php HTTP/1.1" 200 567 "-" "Mozilla/5.0"
192.168.174 - - [01/Apr/2026:13:10:59 +0000] "GET /images/logo.png HTTP/1.1" 200 4567 "-" "Mozilla/5.0"
192.168.59 - - [01/Apr/2026:14:20:37 +0000] "GET /images/logo.png HTTP/1.1" 200 4567 "-" "Mozilla/5.0"
10.0.228 - - [01/Apr/2026:14:20:47 +0000] "POST /login.php HTTP/1.1" 200 567 "-" "Mozilla/5.0"
192.168.253 - - [01/Apr/2026:14:21:07 +0000] "GET /admin/config.php HTTP/1.1" 404 234 "-" "Mozilla/5.0"
10.0.215 - - [01/Apr/2026:14:33:21 +0000] "POST /search?q=<script>alert(1)</script> HTTP/1.1" 403 89 "-" "Mozilla/5.0"
10.0.174 - - [01/Apr/2026:14:58:21 +0000] "POST /search?q=<script>alert(1)</script> HTTP/1.1" 403 89 "-" "Mozilla/5.0"
172.16.95 - - [01/Apr/2026:14:58:31 +0000] "GET /api/users?id=1 OR 1=1 HTTP/1.1" 403 123 "-" "curl/7.68.0"
10.0.216 - - [01/Apr/2026:14:58:41 +0000] "POST /login.php HTTP/1.1" 200 567 "-" "Mozilla/5.0"
192.168.130 - - [01/Apr/2026:14:59:21 +0000] "GET /admin/config.php HTTP/1.1" 404 234 "-" "Mozilla/5.0"
192.168.102 - - [01/Apr/2026:14:59:41 +0000] "GET /images/logo.png HTTP/1.1" 200 4567 "-" "Mozilla/5.0"
10.0.249 - - [01/Apr/2026:15:07:12 +0000] "POST /search?q=<script>alert(1)</script> HTTP/1.1" 403 89 "-" "Mozilla/5.0"
192.168.19 - - [01/Apr/2026:15:07:22 +0000] "GET /admin/config.php HTTP/1.1" 404 234 "-" "Mozilla/5.0"
172.16.66 - - [01/Apr/2026:15:07:42 +0000] "GET /api/users?id=1 OR 1=1 HTTP/1.1" 403 123 "-" "curl/7.68.0"
172.16.133 - - [01/Apr/2026:15:09:52 +0000] "GET /api/users?id=1 OR 1=1 HTTP/1.1" 403 123 "-" "curl/7.68.0"
172.16.105 - - [01/Apr/2026:15:10:02 +0000] "GET /api/users?id=1 OR 1=1 HTTP/1.1" 403 123 "-" "curl/7.68.0"
192.168.143 - - [01/Apr/2026:15:14:43 +0000] "GET /admin/config.php HTTP/1.1" 404 234 "-" "Mozilla/5.0"
192.168.74 - - [01/Apr/2026:15:15:03 +0000] "GET /admin/config.php HTTP/1.1" 404 234 "-" "Mozilla/5.0"
10.0.232 - - [01/Apr/2026:15:15:23 +0000] "POST /login.php HTTP/1.1" 200 567 "-" "Mozilla/5.0"
172.16.136 - - [01/Apr/2026:15:15:53 +0000] "GET /api/users?id=1 OR 1=1 HTTP/1.1" 403 123 "-" "curl/7.68.0"
172.16.166 - - [01/Apr/2026:15:17:03 +0000] "GET /api/users?id=1 OR 1=1 HTTP/1.1" 403 123 "-" "curl/7.68.0"
10.0.207 - - [01/Apr/2026:15:17:23 +0000] "POST /login.php HTTP/1.1" 200 567 "-" "Mozilla/5.0"
192.168.138 - - [01/Apr/2026:15:18:30 +0000] "GET /admin/config.php HTTP/1.1" 404 234 "-" "Mozilla/5.0"
192.168.141 - - [01/Apr/2026:15:19:20 +0000] "GET /images/logo.png HTTP/1.1" 200 4567 "-" "Mozilla/5.0"
10.0.219 - - [01/Apr/2026:15:20:54 +0000] "POST /search?q=<script>alert(1)</script> HTTP/1.1" 403 89 "-" "Mozilla/5.0"
10.0.19 - - [01/Apr/2026:15:23:38 +0000] "POST /search?q=<script>alert(1)</script> HTTP/1.1" 403 89 "-" "Mozilla/5.0"
192.168.51 - - [01/Apr/2026:15:24:08 +0000] "GET /images/logo.png HTTP/1.1" 200 4567 "-" "Mozilla/5.0"
10.0.165 - - [01/Apr/2026:15:24:38 +0000] "POST /login.php HTTP/1.1" 200 567 "-" "Mozilla/5.0"
10.0.167 - - [01/Apr/2026:15:25:18 +0000] "POST /login.php HTTP/1.1" 200 567 "-" "Mozilla/5.0"
192.168.193 - - [01/Apr/2026:15:25:48 +0000] "GET /images/logo.png HTTP/1.1" 200 4567 "-" "Mozilla/5.0"
10.0.247 - - [01/Apr/2026:15:26:57 +0000] "POST /login.php HTTP/1.1" 200 567 "-" "Mozilla/5.0"
10.0.226 - - [01/Apr/2026:15:27:07 +0000] "POST /login.php HTTP/1.1" 200 567 "-" "Mozilla/5.0"
192.168.203 - - [01/Apr/2026:15:27:27 +0000] "GET /images/logo.png HTTP/1.1" 200 4567 "-" "Mozilla/5.0"
10.0.105 - - [01/Apr/2026:15:28:17 +0000] "POST /login.php HTTP/1.1" 200 567 "-" "Mozilla/5.0"
10.0.74 - - [01/Apr/2026:15:28:47 +0000] "POST /login.php HTTP/1.1" 200 567 "-" "Mozilla/5.0"
10.0.148 - - [01/Apr/2026:15:31:25 +0000] "POST /search?q=<script>alert(1)</script> HTTP/1.1" 403 89 "-" "Mozilla/5.0"
172.16.239 - - [01/Apr/2026:15:37:29 +0000] "GET /api/users?id=1 OR 1=1 HTTP/1.1" 403 123 "-" "curl/7.68.0"
10.0.1 - - [01/Apr/2026:15:37:39 +0000] "POST /login.php HTTP/1.1" 200 567 "-" "Mozilla/5.0"
172.16.153 - - [01/Apr/2026:15:38:29 +0000] "GET /api/users?id=1 OR 1=1 HTTP/1.1" 403 123 "-" "curl/7.68.0"
192.168.179 - - [01/Apr/2026:15:38:39 +0000] "GET /images/logo.png HTTP/1.1" 200 4567 "-" "Mozilla/5.0"
10.0.230 - - [01/Apr/2026:15:39:10 +0000] "POST /search?q=<script>alert(1)</script> HTTP/1.1" 403 89 "-" "Mozilla/5.0"
192.168.196 - - [02/Apr/2026:10:01:51 +0000] "GET /admin/config.php HTTP/1.1" 404 234 "-" "Mozilla/5.0"
172.16.160 - - [02/Apr/2026:10:10:57 +0000] "GET /api/users?id=1 OR 1=1 HTTP/1.1" 403 123 "-" "curl/7.68.0"
192.168.37 - - [02/Apr/2026:10:12:27 +0000] "GET /images/logo.png HTTP/1.1" 200 4567 "-" "Mozilla/5.0"
192.168.205 - - [02/Apr/2026:10:13:19 +0000] "GET /admin/config.php HTTP/1.1" 404 234 "-" "Mozilla/5.0"
192.168.43 - - [02/Apr/2026:10:13:49 +0000] "GET /images/logo.png HTTP/1.1" 200 4567 "-" "Mozilla/5.0"
10.0.57 - - [02/Apr/2026:10:17:05 +0000] "POST /login.php HTTP/1.1" 200 567 "-" "Mozilla/5.0"
10.0.92 - - [02/Apr/2026:10:24:51 +0000] "POST /search?q=<script>alert(1)</script> HTTP/1.1" 403 89 "-" "Mozilla/5.0"
192.168.159 - - [02/Apr/2026:10:25:01 +0000] "GET /admin/config.php HTTP/1.1" 404 234 "-" "Mozilla/5.0"
192.168.35 - - [06/Apr/2026:12:17:49 +0000] "GET /admin/config.php HTTP/1.1" 404 234 "-" "Mozilla/5.0"
10.0.217 - - [06/Apr/2026:12:18:09 +0000] "POST /search?q=<script>alert(1)</script> HTTP/1.1" 403 89 "-" "Mozilla/5.0"
172.16.1 - - [06/Apr/2026:12:18:19 +0000] "GET /api/users?id=1 OR 1=1 HTTP/1.1" 403 123 "-" "curl/7.68.0"
192.168.215 - - [06/Apr/2026:12:18:39 +0000] "GET /images/logo.png HTTP/1.1" 200 4567 "-" "Mozilla/5.0"
192.168.190 - - [06/Apr/2026:12:18:59 +0000] "GET /admin/config.php HTTP/1.1" 404 234 "-" "Mozilla/5.0"
10.0.120 - - [06/Apr/2026:12:19:19 +0000] "POST /login.php HTTP/1.1" 200 567 "-" "Mozilla/5.0"
192.168.60 - - [06/Apr/2026:14:21:41 +0000] "GET /admin/config.php HTTP/1.1" 404 234 "-" "Mozilla/5.0"
192.168.238 - - [06/Apr/2026:14:39:32 +0000] "GET /admin/config.php HTTP/1.1" 404 234 "-" "Mozilla/5.0"
172.16.46 - - [06/Apr/2026:14:45:21 +0000] "GET /api/users?id=1 OR 1=1 HTTP/1.1" 403 123 "-" "curl/7.68.0"
10.0.227 - - [06/Apr/2026:14:45:31 +0000] "POST /login.php HTTP/1.1" 200 567 "-" "Mozilla/5.0"
192.168.180 - - [06/Apr/2026:14:45:41 +0000] "GET /admin/config.php HTTP/1.1" 404 234 "-" "Mozilla/5.0"
192.168.118 - - [06/Apr/2026:14:45:51 +0000] "GET /images/logo.png HTTP/1.1" 200 4567 "-" "Mozilla/5.0"
10.0.24 - - [08/Apr/2026:08:48:19 +0000] "POST /login.php HTTP/1.1" 200 567 "-" "Mozilla/5.0"
10.0.177 - - [08/Apr/2026:08:48:29 +0000] "POST /search?q=<script>alert(1)</script> HTTP/1.1" 403 89 "-" "Mozilla/5.0"
172.16.199 - - [08/Apr/2026:10:02:41 +0000] "GET /api/users?id=1 OR 1=1 HTTP/1.1" 403 123 "-" "curl/7.68.0"
10.0.85 - - [08/Apr/2026:10:03:42 +0000] "POST /login.php HTTP/1.1" 200 567 "-" "Mozilla/5.0"
172.16.60 - - [08/Apr/2026:10:05:18 +0000] "GET /api/users?id=1 OR 1=1 HTTP/1.1" 403 123 "-" "curl/7.68.0"
10.0.113 - - [08/Apr/2026:10:05:48 +0000] "POST /login.php HTTP/1.1" 200 567 "-" "Mozilla/5.0"
192.168.32 - - [08/Apr/2026:10:06:28 +0000] "GET /admin/config.php HTTP/1.1" 404 234 "-" "Mozilla/5.0"
10.0.185 - - [08/Apr/2026:10:06:38 +0000] "POST /login.php HTTP/1.1" 200 567 "-" "Mozilla/5.0"
10.0.250 - - [08/Apr/2026:10:07:08 +0000] "POST /login.php HTTP/1.1" 200 567 "-" "Mozilla/5.0"
192.168.170 - - [08/Apr/2026:10:08:08 +0000] "GET /images/logo.png HTTP/1.1" 200 4567 "-" "Mozilla/5.0"
10.0.134 - - [08/Apr/2026:10:08:28 +0000] "POST /login.php HTTP/1.1" 200 567 "-" "Mozilla/5.0"
172.16.60 - - [08/Apr/2026:10:08:38 +0000] "GET /api/users?id=1 OR 1=1 HTTP/1.1" 403 123 "-" "curl/7.68.0"
10.0.37 - - [08/Apr/2026:10:08:48 +0000] "POST /login.php HTTP/1.1" 200 567 "-" "Mozilla/5.0"
192.168.209 - - [08/Apr/2026:10:13:34 +0000] "GET /images/logo.png HTTP/1.1" 200 4567 "-" "Mozilla/5.0"
172.16.240 - - [08/Apr/2026:10:13:44 +0000] "GET /api/users?id=1 OR 1=1 HTTP/1.1" 403 123 "-" "curl/7.68.0"
172.16.179 - - [08/Apr/2026:10:14:14 +0000] "GET /api/users?id=1 OR 1=1 HTTP/1.1" 403 123 "-" "curl/7.68.0"
10.0.219 - - [08/Apr/2026:10:14:35 +0000] "POST /login.php HTTP/1.1" 200 567 "-" "Mozilla/5.0"
192.168.238 - - [08/Apr/2026:10:17:48 +0000] "GET /images/logo.png HTTP/1.1" 200 4567 "-" "Mozilla/5.0"
10.0.19 - - [08/Apr/2026:10:17:58 +0000] "POST /search?q=<script>alert(1)</script> HTTP/1.1" 403 89 "-" "Mozilla/5.0"
192.168.41 - - [08/Apr/2026:10:21:38 +0000] "GET /images/logo.png HTTP/1.1" 200 4567 "-" "Mozilla/5.0"
192.168.36 - - [08/Apr/2026:10:21:48 +0000] "GET /images/logo.png HTTP/1.1" 200 4567 "-" "Mozilla/5.0"
192.168.210 - - [08/Apr/2026:10:23:09 +0000] "GET /images/logo.png HTTP/1.1" 200 4567 "-" "Mozilla/5.0"
192.168.152 - - [08/Apr/2026:10:24:19 +0000] "GET /admin/config.php HTTP/1.1" 404 234 "-" "Mozilla/5.0"
10.0.19 - - [08/Apr/2026:10:24:49 +0000] "POST /search?q=<script>alert(1)</script> HTTP/1.1" 403 89 "-" "Mozilla/5.0"
192.168.31 - - [08/Apr/2026:10:25:19 +0000] "GET /images/logo.png HTTP/1.1" 200 4567 "-" "Mozilla/5.0"
10.0.254 - - [08/Apr/2026:10:32:00 +0000] "POST /login.php HTTP/1.1" 200 567 "-" "Mozilla/5.0"
10.0.250 - - [08/Apr/2026:10:32:10 +0000] "POST /search?q=<script>alert(1)</script> HTTP/1.1" 403 89 "-" "Mozilla/5.0"
10.0.24 - - [08/Apr/2026:10:32:30 +0000] "POST /login.php HTTP/1.1" 200 567 "-" "Mozilla/5.0"
192.168.96 - - [08/Apr/2026:10:33:00 +0000] "GET /admin/config.php HTTP/1.1" 404 234 "-" "Mozilla/5.0"
10.0.34 - - [08/Apr/2026:10:33:20 +0000] "POST /search?q=<script>alert(1)</script> HTTP/1.1" 403 89 "-" "Mozilla/5.0"
192.168.233 - - [08/Apr/2026:10:34:40 +0000] "GET /admin/config.php HTTP/1.1" 404 234 "-" "Mozilla/5.0"
172.16.235 - - [08/Apr/2026:10:43:47 +0000] "GET /api/users?id=1 OR 1=1 HTTP/1.1" 403 123 "-" "curl/7.68.0"
10.0.46 - - [08/Apr/2026:10:44:07 +0000] "POST /login.php HTTP/1.1" 200 567 "-" "Mozilla/5.0"
192.168.60 - - [08/Apr/2026:10:44:37 +0000] "GET /images/logo.png HTTP/1.1" 200 4567 "-" "Mozilla/5.0"
192.168.198 - - [08/Apr/2026:10:44:57 +0000] "GET /images/logo.png HTTP/1.1" 200 4567 "-" "Mozilla/5.0"
10.0.223 - - [08/Apr/2026:10:45:27 +0000] "POST /search?q=<script>alert(1)</script> HTTP/1.1" 403 89 "-" "Mozilla/5.0"
10.0.153 - - [08/Apr/2026:10:46:37 +0000] "POST /login.php HTTP/1.1" 200 567 "-" "Mozilla/5.0"
172.16.207 - - [08/Apr/2026:10:46:57 +0000] "GET /api/users?id=1 OR 1=1 HTTP/1.1" 403 123 "-" "curl/7.68.0"
192.168.60 - - [08/Apr/2026:10:47:37 +0000] "GET /images/logo.png HTTP/1.1" 200 4567 "-" "Mozilla/5.0"
10.0.115 - - [08/Apr/2026:10:48:07 +0000] "POST /login.php HTTP/1.1" 200 567 "-" "Mozilla/5.0"
172.16.75 - - [08/Apr/2026:10:48:47 +0000] "GET /api/users?id=1 OR 1=1 HTTP/1.1" 403 123 "-" "curl/7.68.0"
192.168.34 - - [08/Apr/2026:10:49:27 +0000] "GET /images/logo.png HTTP/1.1" 200 4567 "-" "Mozilla/5.0"
172.16.78 - - [08/Apr/2026:10:50:07 +0000] "GET /api/users?id=1 OR 1=1 HTTP/1.1" 403 123 "-" "curl/7.68.0"
10.0.183 - - [08/Apr/2026:10:50:37 +0000] "POST /search?q=<script>alert(1)</script> HTTP/1.1" 403 89 "-" "Mozilla/5.0"
10.0.231 - - [08/Apr/2026:10:52:20 +0000] "POST /search?q=<script>alert(1)</script> HTTP/1.1" 403 89 "-" "Mozilla/5.0"
192.168.1 - - [08/Apr/2026:10:52:30 +0000] "GET /images/logo.png HTTP/1.1" 200 4567 "-" "Mozilla/5.0"
192.168.248 - - [08/Apr/2026:10:52:40 +0000] "GET /admin/config.php HTTP/1.1" 404 234 "-" "Mozilla/5.0"
192.168.104 - - [08/Apr/2026:10:53:10 +0000] "GET /admin/config.php HTTP/1.1" 404 234 "-" "Mozilla/5.0"
10.0.141 - - [08/Apr/2026:14:20:41 +0000] "POST /search?q=<script>alert(1)</script> HTTP/1.1" 403 89 "-" "Mozilla/5.0"
192.168.206 - - [08/Apr/2026:14:21:11 +0000] "GET /images/logo.png HTTP/1.1" 200 4567 "-" "Mozilla/5.0"
192.168.108 - - [08/Apr/2026:14:21:41 +0000] "GET /admin/config.php HTTP/1.1" 404 234 "-" "Mozilla/5.0"
192.168.199 - - [08/Apr/2026:14:22:21 +0000] "GET /images/logo.png HTTP/1.1" 200 4567 "-" "Mozilla/5.0"
172.16.63 - - [08/Apr/2026:14:23:01 +0000] "GET /api/users?id=1 OR 1=1 HTTP/1.1" 403 123 "-" "curl/7.68.0"
192.168.74 - - [08/Apr/2026:14:23:51 +0000] "GET /admin/config.php HTTP/1.1" 404 234 "-" "Mozilla/5.0"
10.0.103 - - [08/Apr/2026:14:25:22 +0000] "POST /search?q=<script>alert(1)</script> HTTP/1.1" 403 89 "-" "Mozilla/5.0"
10.0.201 - - [08/Apr/2026:14:25:52 +0000] "POST /login.php HTTP/1.1" 200 567 "-" "Mozilla/5.0"
192.168.84 - - [08/Apr/2026:14:26:12 +0000] "GET /images/logo.png HTTP/1.1" 200 4567 "-" "Mozilla/5.0"
192.168.228 - - [08/Apr/2026:14:27:02 +0000] "GET /images/logo.png HTTP/1.1" 200 4567 "-" "Mozilla/5.0"
192.168.28 - - [08/Apr/2026:14:27:42 +0000] "GET /images/logo.png HTTP/1.1" 200 4567 "-" "Mozilla/5.0"
192.168.57 - - [08/Apr/2026:14:28:02 +0000] "GET /admin/config.php HTTP/1.1" 404 234 "-" "Mozilla/5.0"
192.168.8 - - [08/Apr/2026:14:28:12 +0000] "GET /images/logo.png HTTP/1.1" 200 4567 "-" "Mozilla/5.0"
10.0.165 - - [08/Apr/2026:14:28:32 +0000] "POST /login.php HTTP/1.1" 200 567 "-" "Mozilla/5.0"
192.168.133 - - [08/Apr/2026:14:28:42 +0000] "GET /images/logo.png HTTP/1.1" 200 4567 "-" "Mozilla/5.0"
192.168.132 - - [08/Apr/2026:14:28:52 +0000] "GET /images/logo.png HTTP/1.1" 200 4567 "-" "Mozilla/5.0"
10.0.42 - - [08/Apr/2026:14:29:02 +0000] "POST /login.php HTTP/1.1" 200 567 "-" "Mozilla/5.0"
192.168.199 - - [08/Apr/2026:14:29:12 +0000] "GET /images/logo.png HTTP/1.1" 200 4567 "-" "Mozilla/5.0"
192.168.78 - - [08/Apr/2026:14:29:42 +0000] "GET /admin/config.php HTTP/1.1" 404 234 "-" "Mozilla/5.0"
10.0.237 - - [08/Apr/2026:14:30:12 +0000] "POST /search?q=<script>alert(1)</script> HTTP/1.1" 403 89 "-" "Mozilla/5.0"
10.0.245 - - [08/Apr/2026:14:31:02 +0000] "POST /login.php HTTP/1.1" 200 567 "-" "Mozilla/5.0"
192.168.160 - - [08/Apr/2026:14:31:12 +0000] "GET /admin/config.php HTTP/1.1" 404 234 "-" "Mozilla/5.0"
192.168.177 - - [08/Apr/2026:14:31:42 +0000] "GET /images/logo.png HTTP/1.1" 200 4567 "-" "Mozilla/5.0"
10.0.93 - - [08/Apr/2026:14:32:12 +0000] "POST /login.php HTTP/1.1" 200 567 "-" "Mozilla/5.0"
192.168.58 - - [08/Apr/2026:14:32:32 +0000] "GET /images/logo.png HTTP/1.1" 200 4567 "-" "Mozilla/5.0"
10.0.188 - - [08/Apr/2026:14:33:12 +0000] "POST /login.php HTTP/1.1" 200 567 "-" "Mozilla/5.0"
10.0.241 - - [08/Apr/2026:14:34:02 +0000] "POST /search?q=<script>alert(1)</script> HTTP/1.1" 403 89 "-" "Mozilla/5.0"
192.168.251 - - [08/Apr/2026:14:34:52 +0000] "GET /images/logo.png HTTP/1.1" 200 4567 "-" "Mozilla/5.0"
172.16.18 - - [08/Apr/2026:14:35:32 +0000] "GET /api/users?id=1 OR 1=1 HTTP/1.1" 403 123 "-" "curl/7.68.0"
10.0.120 - - [08/Apr/2026:14:36:22 +0000] "POST /search?q=<script>alert(1)</script> HTTP/1.1" 403 89 "-" "Mozilla/5.0"
10.0.212 - - [08/Apr/2026:14:37:12 +0000] "POST /search?q=<script>alert(1)</script> HTTP/1.1" 403 89 "-" "Mozilla/5.0"
10.0.112 - - [08/Apr/2026:14:38:02 +0000] "POST /search?q=<script>alert(1)</script> HTTP/1.1" 403 89 "-" "Mozilla/5.0"
10.0.58 - - [08/Apr/2026:14:38:22 +0000] "POST /search?q=<script>alert(1)</script> HTTP/1.1" 403 89 "-" "Mozilla/5.0"
192.168.153 - - [08/Apr/2026:14:57:09 +0000] "GET /admin/config.php HTTP/1.1" 404 234 "-" "Mozilla/5.0"
192.168.84 - - [09/Apr/2026:12:15:55 +0000] "GET /images/logo.png HTTP/1.1" 200 4567 "-" "Mozilla/5.0"
192.168.181 - - [09/Apr/2026:12:16:05 +0000] "GET /images/logo.png HTTP/1.1" 200 4567 "-" "Mozilla/5.0"
192.168.231 - - [09/Apr/2026:12:16:25 +0000] "GET /images/logo.png HTTP/1.1" 200 4567 "-" "Mozilla/5.0"
192.168.241 - - [09/Apr/2026:12:16:45 +0000] "GET /admin/config.php HTTP/1.1" 404 234 "-" "Mozilla/5.0"
192.168.228 - - [09/Apr/2026:12:17:36 +0000] "GET /admin/config.php HTTP/1.1" 404 234 "-" "Mozilla/5.0"
192.168.236 - - [09/Apr/2026:12:18:16 +0000] "GET /images/logo.png HTTP/1.1" 200 4567 "-" "Mozilla/5.0"
192.168.240 - - [09/Apr/2026:12:19:26 +0000] "GET /admin/config.php HTTP/1.1" 404 234 "-" "Mozilla/5.0"
192.168.77 - - [09/Apr/2026:12:19:36 +0000] "GET /admin/config.php HTTP/1.1" 404 234 "-" "Mozilla/5.0"
172.16.29 - - [09/Apr/2026:12:20:46 +0000] "GET /api/users?id=1 OR 1=1 HTTP/1.1" 403 123 "-" "curl/7.68.0"
10.0.191 - - [09/Apr/2026:12:21:46 +0000] "POST /search?q=<script>alert(1)</script> HTTP/1.1" 403 89 "-" "Mozilla/5.0"
10.0.29 - - [09/Apr/2026:12:22:46 +0000] "POST /login.php HTTP/1.1" 200 567 "-" "Mozilla/5.0"
10.0.133 - - [09/Apr/2026:12:22:56 +0000] "POST /search?q=<script>alert(1)</script> HTTP/1.1" 403 89 "-" "Mozilla/5.0"
172.16.163 - - [09/Apr/2026:12:24:06 +0000] "GET /api/users?id=1 OR 1=1 HTTP/1.1" 403 123 "-" "curl/7.68.0"
192.168.130 - - [09/Apr/2026:12:25:26 +0000] "GET /images/logo.png HTTP/1.1" 200 4567 "-" "Mozilla/5.0"
10.0.134 - - [09/Apr/2026:12:26:06 +0000] "POST /login.php HTTP/1.1" 200 567 "-" "Mozilla/5.0"
172.16.36 - - [09/Apr/2026:12:26:16 +0000] "GET /api/users?id=1 OR 1=1 HTTP/1.1" 403 123 "-" "curl/7.68.0"
192.168.103 - - [09/Apr/2026:12:26:56 +0000] "GET /admin/config.php HTTP/1.1" 404 234 "-" "Mozilla/5.0"
10.0.109 - - [09/Apr/2026:12:27:36 +0000] "POST /login.php HTTP/1.1" 200 567 "-" "Mozilla/5.0"
192.168.111 - - [09/Apr/2026:12:27:46 +0000] "GET /admin/config.php HTTP/1.1" 404 234 "-" "Mozilla/5.0"
10.0.126 - - [09/Apr/2026:12:28:06 +0000] "POST /login.php HTTP/1.1" 200 567 "-" "Mozilla/5.0"
192.168.30 - - [10/Apr/2026:09:04:43 +0000] "GET /images/logo.png HTTP/1.1" 200 4567 "-" "Mozilla/5.0"
10.0.10 - - [10/Apr/2026:09:05:03 +0000] "POST /login.php HTTP/1.1" 200 567 "-" "Mozilla/5.0"
192.168.237 - - [10/Apr/2026:09:05:13 +0000] "GET /admin/config.php HTTP/1.1" 404 234 "-" "Mozilla/5.0"
192.168.96 - - [10/Apr/2026:09:06:13 +0000] "GET /admin/config.php HTTP/1.1" 404 234 "-" "Mozilla/5.0"
10.0.79 - - [10/Apr/2026:09:06:23 +0000] "POST /search?q=<script>alert(1)</script> HTTP/1.1" 403 89 "-" "Mozilla/5.0"
192.168.71 - - [10/Apr/2026:09:06:33 +0000] "GET /admin/config.php HTTP/1.1" 404 234 "-" "Mozilla/5.0"
172.16.192 - - [10/Apr/2026:09:20:00 +0000] "GET /api/users?id=1 OR 1=1 HTTP/1.1" 403 123 "-" "curl/7.68.0"
10.0.20 - - [10/Apr/2026:09:21:00 +0000] "POST /login.php HTTP/1.1" 200 567 "-" "Mozilla/5.0"
10.0.93 - - [10/Apr/2026:09:21:30 +0000] "POST /search?q=<script>alert(1)</script> HTTP/1.1" 403 89 "-" "Mozilla/5.0"
192.168.244 - - [10/Apr/2026:09:22:20 +0000] "GET /admin/config.php HTTP/1.1" 404 234 "-" "Mozilla/5.0"
10.0.124 - - [10/Apr/2026:09:22:30 +0000] "POST /login.php HTTP/1.1" 200 567 "-" "Mozilla/5.0"
192.168.121 - - [10/Apr/2026:09:22:40 +0000] "GET /images/logo.png HTTP/1.1" 200 4567 "-" "Mozilla/5.0"
172.16.185 - - [10/Apr/2026:09:23:00 +0000] "GET /api/users?id=1 OR 1=1 HTTP/1.1" 403 123 "-" "curl/7.68.0"
192.168.160 - - [10/Apr/2026:09:23:50 +0000] "GET /images/logo.png HTTP/1.1" 200 4567 "-" "Mozilla/5.0"
10.0.248 - - [10/Apr/2026:09:24:31 +0000] "POST /login.php HTTP/1.1" 200 567 "-" "Mozilla/5.0"
10.0.8 - - [10/Apr/2026:09:25:01 +0000] "POST /login.php HTTP/1.1" 200 567 "-" "Mozilla/5.0"
10.0.93 - - [10/Apr/2026:09:25:11 +0000] "POST /login.php HTTP/1.1" 200 567 "-" "Mozilla/5.0"
10.0.118 - - [10/Apr/2026:09:25:21 +0000] "POST /login.php HTTP/1.1" 200 567 "-" "Mozilla/5.0"
10.0.250 - - [10/Apr/2026:09:26:01 +0000] "POST /login.php HTTP/1.1" 200 567 "-" "Mozilla/5.0"
10.0.73 - - [10/Apr/2026:09:26:11 +0000] "POST /search?q=<script>alert(1)</script> HTTP/1.1" 403 89 "-" "Mozilla/5.0"
192.168.2 - - [10/Apr/2026:09:26:21 +0000] "GET /images/logo.png HTTP/1.1" 200 4567 "-" "Mozilla/5.0"
10.0.126 - - [10/Apr/2026:09:27:01 +0000] "POST /search?q=<script>alert(1)</script> HTTP/1.1" 403 89 "-" "Mozilla/5.0"
10.0.97 - - [10/Apr/2026:09:27:21 +0000] "POST /search?q=<script>alert(1)</script> HTTP/1.1" 403 89 "-" "Mozilla/5.0"
172.16.25 - - [10/Apr/2026:09:28:01 +0000] "GET /api/users?id=1 OR 1=1 HTTP/1.1" 403 123 "-" "curl/7.68.0"
172.16.50 - - [10/Apr/2026:09:28:21 +0000] "GET /api/users?id=1 OR 1=1 HTTP/1.1" 403 123 "-" "curl/7.68.0"
172.16.237 - - [10/Apr/2026:09:28:51 +0000] "GET /api/users?id=1 OR 1=1 HTTP/1.1" 403 123 "-" "curl/7.68.0"
10.0.90 - - [10/Apr/2026:09:29:31 +0000] "POST /search?q=<script>alert(1)</script> HTTP/1.1" 403 89 "-" "Mozilla/5.0"
192.168.251 - - [10/Apr/2026:09:30:01 +0000] "GET /admin/config.php HTTP/1.1" 404 234 "-" "Mozilla/5.0"
192.168.248 - - [10/Apr/2026:09:30:31 +0000] "GET /admin/config.php HTTP/1.1" 404 234 "-" "Mozilla/5.0"
10.0.61 - - [10/Apr/2026:09:30:51 +0000] "POST /login.php HTTP/1.1" 200 567 "-" "Mozilla/5.0"
10.0.38 - - [10/Apr/2026:09:31:11 +0000] "POST /search?q=<script>alert(1)</script> HTTP/1.1" 403 89 "-" "Mozilla/5.0"
10.0.6 - - [10/Apr/2026:09:32:11 +0000] "POST /login.php HTTP/1.1" 200 567 "-" "Mozilla/5.0"
192.168.126 - - [10/Apr/2026:09:32:41 +0000] "GET /admin/config.php HTTP/1.1" 404 234 "-" "Mozilla/5.0"
192.168.222 - - [10/Apr/2026:09:33:21 +0000] "GET /admin/config.php HTTP/1.1" 404 234 "-" "Mozilla/5.0"
10.0.16 - - [10/Apr/2026:09:34:01 +0000] "POST /login.php HTTP/1.1" 200 567 "-" "Mozilla/5.0"
10.0.35 - - [10/Apr/2026:10:25:25 +0000] "POST /login.php HTTP/1.1" 200 567 "-" "Mozilla/5.0"
192.168.237 - - [10/Apr/2026:10:25:35 +0000] "GET /admin/config.php HTTP/1.1" 404 234 "-" "Mozilla/5.0"
10.0.23 - - [10/Apr/2026:10:25:45 +0000] "POST /login.php HTTP/1.1" 200 567 "-" "Mozilla/5.0"
10.0.123 - - [10/Apr/2026:10:27:05 +0000] "POST /search?q=<script>alert(1)</script> HTTP/1.1" 403 89 "-" "Mozilla/5.0"
10.0.249 - - [10/Apr/2026:10:27:25 +0000] "POST /search?q=<script>alert(1)</script> HTTP/1.1" 403 89 "-" "Mozilla/5.0"
172.16.239 - - [10/Apr/2026:10:27:45 +0000] "GET /api/users?id=1 OR 1=1 HTTP/1.1" 403 123 "-" "curl/7.68.0"
10.0.254 - - [10/Apr/2026:10:27:56 +0000] "POST /login.php HTTP/1.1" 200 567 "-" "Mozilla/5.0"
172.16.83 - - [10/Apr/2026:10:28:26 +0000] "GET /api/users?id=1 OR 1=1 HTTP/1.1" 403 123 "-" "curl/7.68.0"
192.168.52 - - [10/Apr/2026:14:57:45 +0000] "GET /admin/config.php HTTP/1.1" 404 234 "-" "Mozilla/5.0"
10.0.39 - - [10/Apr/2026:14:58:05 +0000] "POST /search?q=<script>alert(1)</script> HTTP/1.1" 403 89 "-" "Mozilla/5.0"
192.168.10 - - [10/Apr/2026:14:58:15 +0000] "GET /images/logo.png HTTP/1.1" 200 4567 "-" "Mozilla/5.0"
10.0.67 - - [10/Apr/2026:14:58:35 +0000] "POST /login.php HTTP/1.1" 200 567 "-" "Mozilla/5.0"
172.16.32 - - [10/Apr/2026:15:00:35 +0000] "GET /api/users?id=1 OR 1=1 HTTP/1.1" 403 123 "-" "curl/7.68.0"
192.168.87 - - [10/Apr/2026:15:01:35 +0000] "GET /images/logo.png HTTP/1.1" 200 4567 "-" "Mozilla/5.0"
192.168.200 - - [10/Apr/2026:15:01:45 +0000] "GET /admin/config.php HTTP/1.1" 404 234 "-" "Mozilla/5.0"
192.168.35 - - [10/Apr/2026:15:02:35 +0000] "GET /images/logo.png HTTP/1.1" 200 4567 "-" "Mozilla/5.0"
192.168.235 - - [10/Apr/2026:15:03:35 +0000] "GET /images/logo.png HTTP/1.1" 200 4567 "-" "Mozilla/5.0"
172.16.3 - - [10/Apr/2026:15:03:45 +0000] "GET /api/users?id=1 OR 1=1 HTTP/1.1" 403 123 "-" "curl/7.68.0"
10.0.229 - - [10/Apr/2026:15:04:05 +0000] "POST /login.php HTTP/1.1" 200 567 "-" "Mozilla/5.0"
192.168.169 - - [10/Apr/2026:15:04:25 +0000] "GET /images/logo.png HTTP/1.1" 200 4567 "-" "Mozilla/5.0"
172.16.59 - - [10/Apr/2026:15:04:45 +0000] "GET /api/users?id=1 OR 1=1 HTTP/1.1" 403 123 "-" "curl/7.68.0"
10.0.165 - - [10/Apr/2026:15:05:05 +0000] "POST /login.php HTTP/1.1" 200 567 "-" "Mozilla/5.0"
10.0.47 - - [10/Apr/2026:15:05:15 +0000] "POST /login.php HTTP/1.1" 200 567 "-" "Mozilla/5.0"
192.168.243 - - [10/Apr/2026:15:06:05 +0000] "GET /admin/config.php HTTP/1.1" 404 234 "-" "Mozilla/5.0"
10.0.35 - - [10/Apr/2026:15:07:15 +0000] "POST /search?q=<script>alert(1)</script> HTTP/1.1" 403 89 "-" "Mozilla/5.0"
192.168.54 - - [10/Apr/2026:15:07:25 +0000] "GET /images/logo.png HTTP/1.1" 200 4567 "-" "Mozilla/5.0"
10.0.95 - - [10/Apr/2026:15:08:35 +0000] "POST /login.php HTTP/1.1" 200 567 "-" "Mozilla/5.0"
192.168.63 - - [10/Apr/2026:15:10:15 +0000] "GET /admin/config.php HTTP/1.1" 404 234 "-" "Mozilla/5.0"
10.0.65 - - [11/Apr/2026:10:03:21 +0000] "POST /search?q=<script>alert(1)</script> HTTP/1.1" 403 89 "-" "Mozilla/5.0"
192.168.252 - - [11/Apr/2026:10:09:31 +0000] "GET /images/logo.png HTTP/1.1" 200 4567 "-" "Mozilla/5.0"
192.168.38 - - [11/Apr/2026:10:09:51 +0000] "GET /images/logo.png HTTP/1.1" 200 4567 "-" "Mozilla/5.0"
192.168.27 - - [11/Apr/2026:10:10:01 +0000] "GET /images/logo.png HTTP/1.1" 200 4567 "-" "Mozilla/5.0"
172.16.120 - - [11/Apr/2026:10:10:11 +0000] "GET /api/users?id=1 OR 1=1 HTTP/1.1" 403 123 "-" "curl/7.68.0"
10.0.50 - - [11/Apr/2026:10:10:41 +0000] "POST /login.php HTTP/1.1" 200 567 "-" "Mozilla/5.0"
10.0.14 - - [11/Apr/2026:10:12:39 +0000] "POST /login.php HTTP/1.1" 200 567 "-" "Mozilla/5.0"
10.0.233 - - [11/Apr/2026:10:13:19 +0000] "POST /search?q=<script>alert(1)</script> HTTP/1.1" 403 89 "-" "Mozilla/5.0"
10.0.167 - - [11/Apr/2026:10:13:39 +0000] "POST /search?q=<script>alert(1)</script> HTTP/1.1" 403 89 "-" "Mozilla/5.0"
10.0.127 - - [11/Apr/2026:10:13:49 +0000] "POST /search?q=<script>alert(1)</script> HTTP/1.1" 403 89 "-" "Mozilla/5.0"
192.168.102 - - [11/Apr/2026:10:13:59 +0000] "GET /admin/config.php HTTP/1.1" 404 234 "-" "Mozilla/5.0"
10.0.231 - - [11/Apr/2026:10:14:49 +0000] "POST /search?q=<script>alert(1)</script> HTTP/1.1" 403 89 "-" "Mozilla/5.0"
192.168.144 - - [11/Apr/2026:10:14:59 +0000] "GET /admin/config.php HTTP/1.1" 404 234 "-" "Mozilla/5.0"
10.0.243 - - [11/Apr/2026:10:15:59 +0000] "POST /search?q=<script>alert(1)</script> HTTP/1.1" 403 89 "-" "Mozilla/5.0"
192.168.35 - - [11/Apr/2026:10:16:29 +0000] "GET /images/logo.png HTTP/1.1" 200 4567 "-" "Mozilla/5.0"
10.0.23 - - [11/Apr/2026:10:16:59 +0000] "POST /login.php HTTP/1.1" 200 567 "-" "Mozilla/5.0"
10.0.68 - - [11/Apr/2026:10:17:19 +0000] "POST /search?q=<script>alert(1)</script> HTTP/1.1" 403 89 "-" "Mozilla/5.0"
172.16.49 - - [11/Apr/2026:10:17:59 +0000] "GET /api/users?id=1 OR 1=1 HTTP/1.1" 403 123 "-" "curl/7.68.0"
192.168.213 - - [11/Apr/2026:10:18:09 +0000] "GET /images/logo.png HTTP/1.1" 200 4567 "-" "Mozilla/5.0"
192.168.109 - - [11/Apr/2026:10:18:39 +0000] "GET /images/logo.png HTTP/1.1" 200 4567 "-" "Mozilla/5.0"
10.0.9 - - [11/Apr/2026:10:18:49 +0000] "POST /login.php HTTP/1.1" 200 567 "-" "Mozilla/5.0"
10.0.41 - - [11/Apr/2026:10:19:39 +0000] "POST /login.php HTTP/1.1" 200 567 "-" "Mozilla/5.0"
172.16.223 - - [11/Apr/2026:10:20:19 +0000] "GET /api/users?id=1 OR 1=1 HTTP/1.1" 403 123 "-" "curl/7.68.0"
192.168.154 - - [11/Apr/2026:10:20:29 +0000] "GET /images/logo.png HTTP/1.1" 200 4567 "-" "Mozilla/5.0"
10.0.68 - - [11/Apr/2026:10:20:39 +0000] "POST /login.php HTTP/1.1" 200 567 "-" "Mozilla/5.0"
10.0.202 - - [11/Apr/2026:10:20:49 +0000] "POST /search?q=<script>alert(1)</script> HTTP/1.1" 403 89 "-" "Mozilla/5.0"
192.168.203 - - [11/Apr/2026:10:20:59 +0000] "GET /images/logo.png HTTP/1.1" 200 4567 "-" "Mozilla/5.0"
192.168.30 - - [11/Apr/2026:10:26:30 +0000] "GET /admin/config.php HTTP/1.1" 404 234 "-" "Mozilla/5.0"
192.168.111 - - [11/Apr/2026:10:27:20 +0000] "GET /images/logo.png HTTP/1.1" 200 4567 "-" "Mozilla/5.0"
10.0.99 - - [11/Apr/2026:10:27:40 +0000] "POST /search?q=<script>alert(1)</script> HTTP/1.1" 403 89 "-" "Mozilla/5.0"
172.16.230 - - [11/Apr/2026:10:28:10 +0000] "GET /api/users?id=1 OR 1=1 HTTP/1.1" 403 123 "-" "curl/7.68.0"
192.168.2 - - [11/Apr/2026:10:28:20 +0000] "GET /images/logo.png HTTP/1.1" 200 4567 "-" "Mozilla/5.0"
10.0.110 - - [11/Apr/2026:10:28:50 +0000] "POST /search?q=<script>alert(1)</script> HTTP/1.1" 403 89 "-" "Mozilla/5.0"
192.168.86 - - [11/Apr/2026:10:29:10 +0000] "GET /images/logo.png HTTP/1.1" 200 4567 "-" "Mozilla/5.0"
172.16.186 - - [11/Apr/2026:10:30:30 +0000] "GET /api/users?id=1 OR 1=1 HTTP/1.1" 403 123 "-" "curl/7.68.0"
172.16.57 - - [11/Apr/2026:10:31:21 +0000] "GET /api/users?id=1 OR 1=1 HTTP/1.1" 403 123 "-" "curl/7.68.0"
10.0.16 - - [11/Apr/2026:10:31:51 +0000] "POST /search?q=<script>alert(1)</script> HTTP/1.1" 403 89 "-" "Mozilla/5.0"
192.168.50 - - [12/Apr/2026:11:49:32 +0000] "GET /images/logo.png HTTP/1.1" 200 4567 "-" "Mozilla/5.0"
10.0.245 - - [12/Apr/2026:11:50:12 +0000] "POST /search?q=<script>alert(1)</script> HTTP/1.1" 403 89 "-" "Mozilla/5.0"
192.168.235 - - [12/Apr/2026:11:50:42 +0000] "GET /admin/config.php HTTP/1.1" 404 234 "-" "Mozilla/5.0"
192.168.157 - - [12/Apr/2026:11:52:02 +0000] "GET /images/logo.png HTTP/1.1" 200 4567 "-" "Mozilla/5.0"
192.168.140 - - [12/Apr/2026:11:53:12 +0000] "GET /images/logo.png HTTP/1.1" 200 4567 "-" "Mozilla/5.0"
10.0.173 - - [12/Apr/2026:12:10:15 +0000] "POST /search?q=<script>alert(1)</script> HTTP/1.1" 403 89 "-" "Mozilla/5.0"
10.0.232 - - [12/Apr/2026:12:11:45 +0000] "POST /search?q=<script>alert(1)</script> HTTP/1.1" 403 89 "-" "Mozilla/5.0"
172.16.28 - - [12/Apr/2026:12:12:25 +0000] "GET /api/users?id=1 OR 1=1 HTTP/1.1" 403 123 "-" "curl/7.68.0"
10.0.94 - - [14/Apr/2026:16:27:26 +0000] "POST /search?q=<script>alert(1)</script> HTTP/1.1" 403 89 "-" "Mozilla/5.0"
10.0.62 - - [14/Apr/2026:16:28:56 +0000] "POST /login.php HTTP/1.1" 200 567 "-" "Mozilla/5.0"
192.168.194 - - [14/Apr/2026:16:29:16 +0000] "GET /images/logo.png HTTP/1.1" 200 4567 "-" "Mozilla/5.0"
192.168.210 - - [14/Apr/2026:16:29:36 +0000] "GET /admin/config.php HTTP/1.1" 404 234 "-" "Mozilla/5.0"
10.0.217 - - [14/Apr/2026:16:29:56 +0000] "POST /search?q=<script>alert(1)</script> HTTP/1.1" 403 89 "-" "Mozilla/5.0"
10.0.189 - - [14/Apr/2026:16:30:36 +0000] "POST /search?q=<script>alert(1)</script> HTTP/1.1" 403 89 "-" "Mozilla/5.0"
10.0.115 - - [14/Apr/2026:20:05:54 +0000] "POST /search?q=<script>alert(1)</script> HTTP/1.1" 403 89 "-" "Mozilla/5.0"
10.0.123 - - [14/Apr/2026:20:06:24 +0000] "POST /login.php HTTP/1.1" 200 567 "-" "Mozilla/5.0"
192.168.48 - - [14/Apr/2026:20:08:04 +0000] "GET /admin/config.php HTTP/1.1" 404 234 "-" "Mozilla/5.0"
10.0.39 - - [14/Apr/2026:20:08:34 +0000] "POST /login.php HTTP/1.1" 200 567 "-" "Mozilla/5.0"
192.168.212 - - [14/Apr/2026:20:08:44 +0000] "GET /admin/config.php HTTP/1.1" 404 234 "-" "Mozilla/5.0"
192.168.21 - - [14/Apr/2026:20:09:04 +0000] "GET /images/logo.png HTTP/1.1" 200 4567 "-" "Mozilla/5.0"
192.168.132 - - [14/Apr/2026:20:10:24 +0000] "GET /images/logo.png HTTP/1.1" 200 4567 "-" "Mozilla/5.0"
10.0.141 - - [14/Apr/2026:20:10:34 +0000] "POST /login.php HTTP/1.1" 200 567 "-" "Mozilla/5.0"
10.0.36 - - [14/Apr/2026:20:10:44 +0000] "POST /search?q=<script>alert(1)</script> HTTP/1.1" 403 89 "-" "Mozilla/5.0"
10.0.117 - - [14/Apr/2026:20:11:34 +0000] "POST /search?q=<script>alert(1)</script> HTTP/1.1" 403 89 "-" "Mozilla/5.0"
192.168.129 - - [14/Apr/2026:20:11:44 +0000] "GET /admin/config.php HTTP/1.1" 404 234 "-" "Mozilla/5.0"
192.168.74 - - [14/Apr/2026:20:12:04 +0000] "GET /admin/config.php HTTP/1.1" 404 234 "-" "Mozilla/5.0"
10.0.13 - - [14/Apr/2026:20:12:34 +0000] "POST /search?q=<script>alert(1)</script> HTTP/1.1" 403 89 "-" "Mozilla/5.0"
192.168.137 - - [14/Apr/2026:20:13:04 +0000] "GET /admin/config.php HTTP/1.1" 404 234 "-" "Mozilla/5.0"
10.0.242 - - [14/Apr/2026:20:13:44 +0000] "POST /login.php HTTP/1.1" 200 567 "-" "Mozilla/5.0"
192.168.155 - - [14/Apr/2026:20:14:04 +0000] "GET /admin/config.php HTTP/1.1" 404 234 "-" "Mozilla/5.0"
192.168.204 - - [14/Apr/2026:20:15:04 +0000] "GET /images/logo.png HTTP/1.1" 200 4567 "-" "Mozilla/5.0"
172.16.82 - - [14/Apr/2026:20:16:14 +0000] "GET /api/users?id=1 OR 1=1 HTTP/1.1" 403 123 "-" "curl/7.68.0"
10.0.26 - - [14/Apr/2026:20:16:44 +0000] "POST /login.php HTTP/1.1" 200 567 "-" "Mozilla/5.0"
192.168.170 - - [14/Apr/2026:20:18:25 +0000] "GET /admin/config.php HTTP/1.1" 404 234 "-" "Mozilla/5.0"
172.16.237 - - [14/Apr/2026:20:18:35 +0000] "GET /api/users?id=1 OR 1=1 HTTP/1.1" 403 123 "-" "curl/7.68.0"
192.168.54 - - [14/Apr/2026:20:18:45 +0000] "GET /images/logo.png HTTP/1.1" 200 4567 "-" "Mozilla/5.0"
192.168.138 - - [14/Apr/2026:20:19:05 +0000] "GET /admin/config.php HTTP/1.1" 404 234 "-" "Mozilla/5.0"
192.168.5 - - [15/Apr/2026:09:10:17 +0000] "GET /images/logo.png HTTP/1.1" 200 4567 "-" "Mozilla/5.0"
10.0.95 - - [15/Apr/2026:09:10:27 +0000] "POST /login.php HTTP/1.1" 200 567 "-" "Mozilla/5.0"
10.0.214 - - [15/Apr/2026:09:10:57 +0000] "POST /search?q=<script>alert(1)</script> HTTP/1.1" 403 89 "-" "Mozilla/5.0"
172.16.33 - - [15/Apr/2026:09:12:48 +0000] "GET /api/users?id=1 OR 1=1 HTTP/1.1" 403 123 "-" "curl/7.68.0"
192.168.94 - - [15/Apr/2026:09:12:58 +0000] "GET /admin/config.php HTTP/1.1" 404 234 "-" "Mozilla/5.0"
192.168.111 - - [15/Apr/2026:09:13:08 +0000] "GET /images/logo.png HTTP/1.1" 200 4567 "-" "Mozilla/5.0"
172.16.127 - - [15/Apr/2026:09:14:28 +0000] "GET /api/users?id=1 OR 1=1 HTTP/1.1" 403 123 "-" "curl/7.68.0"
172.16.136 - - [15/Apr/2026:09:30:56 +0000] "GET /api/users?id=1 OR 1=1 HTTP/1.1" 403 123 "-" "curl/7.68.0"
10.0.198 - - [15/Apr/2026:09:31:26 +0000] "POST /login.php HTTP/1.1" 200 567 "-" "Mozilla/5.0"
192.168.35 - - [15/Apr/2026:09:32:06 +0000] "GET /admin/config.php HTTP/1.1" 404 234 "-" "Mozilla/5.0"
10.0.108 - - [15/Apr/2026:09:32:26 +0000] "POST /login.php HTTP/1.1" 200 567 "-" "Mozilla/5.0"
10.0.39 - - [15/Apr/2026:09:32:36 +0000] "POST /search?q=<script>alert(1)</script> HTTP/1.1" 403 89 "-" "Mozilla/5.0"
10.0.194 - - [15/Apr/2026:09:32:46 +0000] "POST /login.php HTTP/1.1" 200 567 "-" "Mozilla/5.0"
192.168.98 - - [15/Apr/2026:09:33:17 +0000] "GET /admin/config.php HTTP/1.1" 404 234 "-" "Mozilla/5.0"
192.168.225 - - [15/Apr/2026:09:34:37 +0000] "GET /images/logo.png HTTP/1.1" 200 4567 "-" "Mozilla/5.0"
192.168.3 - - [15/Apr/2026:09:35:57 +0000] "GET /admin/config.php HTTP/1.1" 404 234 "-" "Mozilla/5.0"
192.168.170 - - [15/Apr/2026:09:36:07 +0000] "GET /admin/config.php HTTP/1.1" 404 234 "-" "Mozilla/5.0"
192.168.84 - - [15/Apr/2026:09:36:17 +0000] "GET /images/logo.png HTTP/1.1" 200 4567 "-" "Mozilla/5.0"
192.168.103 - - [15/Apr/2026:09:36:27 +0000] "GET /images/logo.png HTTP/1.1" 200 4567 "-" "Mozilla/5.0"
10.0.253 - - [15/Apr/2026:09:36:47 +0000] "POST /search?q=<script>alert(1)</script> HTTP/1.1" 403 89 "-" "Mozilla/5.0"
10.0.10 - - [15/Apr/2026:09:36:57 +0000] "POST /login.php HTTP/1.1" 200 567 "-" "Mozilla/5.0"
192.168.93 - - [15/Apr/2026:09:37:57 +0000] "GET /admin/config.php HTTP/1.1" 404 234 "-" "Mozilla/5.0"
172.16.58 - - [15/Apr/2026:09:38:27 +0000] "GET /api/users?id=1 OR 1=1 HTTP/1.1" 403 123 "-" "curl/7.68.0"
10.0.93 - - [15/Apr/2026:09:52:39 +0000] "POST /search?q=<script>alert(1)</script> HTTP/1.1" 403 89 "-" "Mozilla/5.0"
192.168.74 - - [15/Apr/2026:09:52:49 +0000] "GET /images/logo.png HTTP/1.1" 200 4567 "-" "Mozilla/5.0"
192.168.81 - - [15/Apr/2026:09:54:09 +0000] "GET /admin/config.php HTTP/1.1" 404 234 "-" "Mozilla/5.0"
172.16.148 - - [15/Apr/2026:09:54:30 +0000] "GET /api/users?id=1 OR 1=1 HTTP/1.1" 403 123 "-" "curl/7.68.0"
10.0.201 - - [15/Apr/2026:09:56:10 +0000] "POST /search?q=<script>alert(1)</script> HTTP/1.1" 403 89 "-" "Mozilla/5.0"
192.168.101 - - [15/Apr/2026:09:56:50 +0000] "GET /images/logo.png HTTP/1.1" 200 4567 "-" "Mozilla/5.0"
172.16.189 - - [15/Apr/2026:09:57:20 +0000] "GET /api/users?id=1 OR 1=1 HTTP/1.1" 403 123 "-" "curl/7.68.0"
192.168.250 - - [15/Apr/2026:09:57:40 +0000] "GET /admin/config.php HTTP/1.1" 404 234 "-" "Mozilla/5.0"
10.0.210 - - [15/Apr/2026:09:58:00 +0000] "POST /search?q=<script>alert(1)</script> HTTP/1.1" 403 89 "-" "Mozilla/5.0"
10.0.39 - - [15/Apr/2026:09:59:20 +0000] "POST /search?q=<script>alert(1)</script> HTTP/1.1" 403 89 "-" "Mozilla/5.0"
10.0.22 - - [15/Apr/2026:09:59:40 +0000] "POST /search?q=<script>alert(1)</script> HTTP/1.1" 403 89 "-" "Mozilla/5.0"
10.0.169 - - [15/Apr/2026:10:00:00 +0000] "POST /login.php HTTP/1.1" 200 567 "-" "Mozilla/5.0"
10.0.243 - - [15/Apr/2026:10:00:20 +0000] "POST /search?q=<script>alert(1)</script> HTTP/1.1" 403 89 "-" "Mozilla/5.0"
10.0.44 - - [15/Apr/2026:10:01:00 +0000] "POST /login.php HTTP/1.1" 200 567 "-" "Mozilla/5.0"
192.168.75 - - [15/Apr/2026:10:01:40 +0000] "GET /admin/config.php HTTP/1.1" 404 234 "-" "Mozilla/5.0"
172.16.198 - - [15/Apr/2026:10:01:50 +0000] "GET /api/users?id=1 OR 1=1 HTTP/1.1" 403 123 "-" "curl/7.68.0"
172.16.98 - - [15/Apr/2026:10:02:10 +0000] "GET /api/users?id=1 OR 1=1 HTTP/1.1" 403 123 "-" "curl/7.68.0"
192.168.116 - - [15/Apr/2026:10:04:00 +0000] "GET /admin/config.php HTTP/1.1" 404 234 "-" "Mozilla/5.0"
192.168.216 - - [15/Apr/2026:10:04:10 +0000] "GET /images/logo.png HTTP/1.1" 200 4567 "-" "Mozilla/5.0"
10.0.36 - - [15/Apr/2026:10:04:20 +0000] "POST /search?q=<script>alert(1)</script> HTTP/1.1" 403 89 "-" "Mozilla/5.0"
172.16.46 - - [15/Apr/2026:10:05:00 +0000] "GET /api/users?id=1 OR 1=1 HTTP/1.1" 403 123 "-" "curl/7.68.0"
192.168.50 - - [16/Apr/2026:11:05:34 +0000] "GET /admin/config.php HTTP/1.1" 404 234 "-" "Mozilla/5.0"
10.0.233 - - [16/Apr/2026:11:05:54 +0000] "POST /search?q=<script>alert(1)</script> HTTP/1.1" 403 89 "-" "Mozilla/5.0"
10.0.73 - - [16/Apr/2026:11:06:04 +0000] "POST /login.php HTTP/1.1" 200 567 "-" "Mozilla/5.0"
172.16.212 - - [16/Apr/2026:11:06:14 +0000] "GET /api/users?id=1 OR 1=1 HTTP/1.1" 403 123 "-" "curl/7.68.0"
10.0.194 - - [16/Apr/2026:11:07:25 +0000] "POST /login.php HTTP/1.1" 200 567 "-" "Mozilla/5.0"
192.168.153 - - [16/Apr/2026:11:08:05 +0000] "GET /admin/config.php HTTP/1.1" 404 234 "-" "Mozilla/5.0"
192.168.199 - - [16/Apr/2026:11:09:05 +0000] "GET /images/logo.png HTTP/1.1" 200 4567 "-" "Mozilla/5.0"
10.0.145 - - [16/Apr/2026:11:09:35 +0000] "POST /login.php HTTP/1.1" 200 567 "-" "Mozilla/5.0"
10.0.37 - - [16/Apr/2026:11:10:05 +0000] "POST /search?q=<script>alert(1)</script> HTTP/1.1" 403 89 "-" "Mozilla/5.0"
10.0.165 - - [16/Apr/2026:11:10:45 +0000] "POST /search?q=<script>alert(1)</script> HTTP/1.1" 403 89 "-" "Mozilla/5.0"
172.16.150 - - [16/Apr/2026:11:10:55 +0000] "GET /api/users?id=1 OR 1=1 HTTP/1.1" 403 123 "-" "curl/7.68.0"
10.0.196 - - [16/Apr/2026:11:11:15 +0000] "POST /search?q=<script>alert(1)</script> HTTP/1.1" 403 89 "-" "Mozilla/5.0"
192.168.179 - - [16/Apr/2026:11:11:26 +0000] "GET /images/logo.png HTTP/1.1" 200 4567 "-" "Mozilla/5.0"
192.168.207 - - [16/Apr/2026:11:11:56 +0000] "GET /images/logo.png HTTP/1.1" 200 4567 "-" "Mozilla/5.0"
192.168.161 - - [16/Apr/2026:11:12:36 +0000] "GET /admin/config.php HTTP/1.1" 404 234 "-" "Mozilla/5.0"
172.16.176 - - [16/Apr/2026:11:12:46 +0000] "GET /api/users?id=1 OR 1=1 HTTP/1.1" 403 123 "-" "curl/7.68.0"
10.0.178 - - [16/Apr/2026:11:13:16 +0000] "POST /login.php HTTP/1.1" 200 567 "-" "Mozilla/5.0"
172.16.170 - - [16/Apr/2026:11:13:46 +0000] "GET /api/users?id=1 OR 1=1 HTTP/1.1" 403 123 "-" "curl/7.68.0"
10.0.40 - - [16/Apr/2026:11:14:06 +0000] "POST /login.php HTTP/1.1" 200 567 "-" "Mozilla/5.0"
10.0.129 - - [16/Apr/2026:11:14:26 +0000] "POST /search?q=<script>alert(1)</script> HTTP/1.1" 403 89 "-" "Mozilla/5.0"
192.168.114 - - [16/Apr/2026:11:14:56 +0000] "GET /images/logo.png HTTP/1.1" 200 4567 "-" "Mozilla/5.0"
192.168.126 - - [16/Apr/2026:11:15:06 +0000] "GET /admin/config.php HTTP/1.1" 404 234 "-" "Mozilla/5.0"
10.0.143 - - [16/Apr/2026:11:17:06 +0000] "POST /search?q=<script>alert(1)</script> HTTP/1.1" 403 89 "-" "Mozilla/5.0"
10.0.37 - - [16/Apr/2026:11:17:26 +0000] "POST /search?q=<script>alert(1)</script> HTTP/1.1" 403 89 "-" "Mozilla/5.0"
192.168.25 - - [16/Apr/2026:11:17:46 +0000] "GET /images/logo.png HTTP/1.1" 200 4567 "-" "Mozilla/5.0"
172.16.39 - - [16/Apr/2026:11:18:56 +0000] "GET /api/users?id=1 OR 1=1 HTTP/1.1" 403 123 "-" "curl/7.68.0"
172.16.128 - - [16/Apr/2026:11:19:46 +0000] "GET /api/users?id=1 OR 1=1 HTTP/1.1" 403 123 "-" "curl/7.68.0"
192.168.84 - - [16/Apr/2026:11:20:36 +0000] "GET /images/logo.png HTTP/1.1" 200 4567 "-" "Mozilla/5.0"
172.16.147 - - [16/Apr/2026:11:21:06 +0000] "GET /api/users?id=1 OR 1=1 HTTP/1.1" 403 123 "-" "curl/7.68.0"
10.0.120 - - [16/Apr/2026:11:21:26 +0000] "POST /login.php HTTP/1.1" 200 567 "-" "Mozilla/5.0"
192.168.22 - - [16/Apr/2026:11:50:00 +0000] "GET /admin/config.php HTTP/1.1" 404 234 "-" "Mozilla/5.0"
10.0.167 - - [16/Apr/2026:11:50:50 +0000] "POST /login.php HTTP/1.1" 200 567 "-" "Mozilla/5.0"
192.168.245 - - [16/Apr/2026:11:56:39 +0000] "GET /admin/config.php HTTP/1.1" 404 234 "-" "Mozilla/5.0"
192.168.112 - - [16/Apr/2026:11:57:09 +0000] "GET /admin/config.php HTTP/1.1" 404 234 "-" "Mozilla/5.0"
192.168.115 - - [16/Apr/2026:11:58:29 +0000] "GET /images/logo.png HTTP/1.1" 200 4567 "-" "Mozilla/5.0"
172.16.179 - - [16/Apr/2026:11:59:59 +0000] "GET /api/users?id=1 OR 1=1 HTTP/1.1" 403 123 "-" "curl/7.68.0"
10.0.95 - - [16/Apr/2026:12:00:20 +0000] "POST /login.php HTTP/1.1" 200 567 "-" "Mozilla/5.0"
192.168.166 - - [16/Apr/2026:12:00:30 +0000] "GET /images/logo.png HTTP/1.1" 200 4567 "-" "Mozilla/5.0"
10.0.223 - - [16/Apr/2026:12:01:20 +0000] "POST /search?q=<script>alert(1)</script> HTTP/1.1" 403 89 "-" "Mozilla/5.0"
172.16.119 - - [16/Apr/2026:12:01:40 +0000] "GET /api/users?id=1 OR 1=1 HTTP/1.1" 403 123 "-" "curl/7.68.0"
10.0.182 - - [16/Apr/2026:12:02:20 +0000] "POST /search?q=<script>alert(1)</script> HTTP/1.1" 403 89 "-" "Mozilla/5.0"
10.0.32 - - [16/Apr/2026:12:02:30 +0000] "POST /search?q=<script>alert(1)</script> HTTP/1.1" 403 89 "-" "Mozilla/5.0"
192.168.244 - - [16/Apr/2026:12:02:50 +0000] "GET /images/logo.png HTTP/1.1" 200 4567 "-" "Mozilla/5.0"
192.168.85 - - [16/Apr/2026:12:03:10 +0000] "GET /admin/config.php HTTP/1.1" 404 234 "-" "Mozilla/5.0"
10.0.108 - - [16/Apr/2026:12:04:00 +0000] "POST /login.php HTTP/1.1" 200 567 "-" "Mozilla/5.0"
10.0.149 - - [16/Apr/2026:12:04:20 +0000] "POST /search?q=<script>alert(1)</script> HTTP/1.1" 403 89 "-" "Mozilla/5.0"
10.0.1 - - [16/Apr/2026:12:04:50 +0000] "POST /search?q=<script>alert(1)</script> HTTP/1.1" 403 89 "-" "Mozilla/5.0"
192.168.177 - - [16/Apr/2026:12:05:00 +0000] "GET /images/logo.png HTTP/1.1" 200 4567 "-" "Mozilla/5.0"
10.0.69 - - [16/Apr/2026:12:05:10 +0000] "POST /search?q=<script>alert(1)</script> HTTP/1.1" 403 89 "-" "Mozilla/5.0"
172.16.229 - - [16/Apr/2026:12:07:20 +0000] "GET /api/users?id=1 OR 1=1 HTTP/1.1" 403 123 "-" "curl/7.68.0"
10.0.181 - - [16/Apr/2026:12:07:30 +0000] "POST /search?q=<script>alert(1)</script> HTTP/1.1" 403 89 "-" "Mozilla/5.0"
10.0.238 - - [16/Apr/2026:12:07:40 +0000] "POST /login.php HTTP/1.1" 200 567 "-" "Mozilla/5.0"
192.168.108 - - [16/Apr/2026:12:07:50 +0000] "GET /images/logo.png HTTP/1.1" 200 4567 "-" "Mozilla/5.0"
172.16.151 - - [16/Apr/2026:12:08:10 +0000] "GET /api/users?id=1 OR 1=1 HTTP/1.1" 403 123 "-" "curl/7.68.0"
10.0.53 - - [16/Apr/2026:12:09:00 +0000] "POST /search?q=<script>alert(1)</script> HTTP/1.1" 403 89 "-" "Mozilla/5.0"
10.0.88 - - [16/Apr/2026:12:09:50 +0000] "POST /login.php HTTP/1.1" 200 567 "-" "Mozilla/5.0"
192.168.85 - - [16/Apr/2026:12:10:40 +0000] "GET /images/logo.png HTTP/1.1" 200 4567 "-" "Mozilla/5.0"
192.168.194 - - [16/Apr/2026:12:11:10 +0000] "GET /images/logo.png HTTP/1.1" 200 4567 "-" "Mozilla/5.0"
192.168.50 - - [16/Apr/2026:12:11:20 +0000] "GET /images/logo.png HTTP/1.1" 200 4567 "-" "Mozilla/5.0"
192.168.150 - - [16/Apr/2026:12:11:40 +0000] "GET /admin/config.php HTTP/1.1" 404 234 "-" "Mozilla/5.0"
10.0.15 - - [16/Apr/2026:12:12:00 +0000] "POST /login.php HTTP/1.1" 200 567 "-" "Mozilla/5.0"
10.0.147 - - [16/Apr/2026:12:12:10 +0000] "POST /login.php HTTP/1.1" 200 567 "-" "Mozilla/5.0"
192.168.89 - - [16/Apr/2026:12:12:20 +0000] "GET /admin/config.php HTTP/1.1" 404 234 "-" "Mozilla/5.0"
10.0.199 - - [16/Apr/2026:12:12:30 +0000] "POST /search?q=<script>alert(1)</script> HTTP/1.1" 403 89 "-" "Mozilla/5.0"
10.0.141 - - [16/Apr/2026:12:14:00 +0000] "POST /login.php HTTP/1.1" 200 567 "-" "Mozilla/5.0"
192.168.145 - - [16/Apr/2026:12:14:40 +0000] "GET /images/logo.png HTTP/1.1" 200 4567 "-" "Mozilla/5.0"
192.168.178 - - [16/Apr/2026:12:15:20 +0000] "GET /admin/config.php HTTP/1.1" 404 234 "-" "Mozilla/5.0"
10.0.10 - - [16/Apr/2026:12:16:01 +0000] "POST /search?q=<script>alert(1)</script> HTTP/1.1" 403 89 "-" "Mozilla/5.0"
172.16.217 - - [16/Apr/2026:12:17:11 +0000] "GET /api/users?id=1 OR 1=1 HTTP/1.1" 403 123 "-" "curl/7.68.0"
192.168.122 - - [16/Apr/2026:12:18:01 +0000] "GET /admin/config.php HTTP/1.1" 404 234 "-" "Mozilla/5.0"
10.0.28 - - [16/Apr/2026:12:18:11 +0000] "POST /search?q=<script>alert(1)</script> HTTP/1.1" 403 89 "-" "Mozilla/5.0"
10.0.174 - - [16/Apr/2026:12:18:52 +0000] "POST /search?q=<script>alert(1)</script> HTTP/1.1" 403 89 "-" "Mozilla/5.0"
10.0.217 - - [16/Apr/2026:12:20:02 +0000] "POST /login.php HTTP/1.1" 200 567 "-" "Mozilla/5.0"
192.168.16 - - [16/Apr/2026:12:20:12 +0000] "GET /admin/config.php HTTP/1.1" 404 234 "-" "Mozilla/5.0"
10.0.181 - - [16/Apr/2026:12:20:22 +0000] "POST /login.php HTTP/1.1" 200 567 "-" "Mozilla/5.0"
192.168.233 - - [16/Apr/2026:12:22:22 +0000] "GET /admin/config.php HTTP/1.1" 404 234 "-" "Mozilla/5.0"
192.168.57 - - [16/Apr/2026:12:22:32 +0000] "GET /images/logo.png HTTP/1.1" 200 4567 "-" "Mozilla/5.0"
10.0.132 - - [16/Apr/2026:12:22:42 +0000] "POST /login.php HTTP/1.1" 200 567 "-" "Mozilla/5.0"
192.168.48 - - [16/Apr/2026:12:22:52 +0000] "GET /images/logo.png HTTP/1.1" 200 4567 "-" "Mozilla/5.0"
10.0.231 - - [16/Apr/2026:12:23:42 +0000] "POST /login.php HTTP/1.1" 200 567 "-" "Mozilla/5.0"
192.168.63 - - [16/Apr/2026:12:23:52 +0000] "GET /images/logo.png HTTP/1.1" 200 4567 "-" "Mozilla/5.0"
172.16.166 - - [16/Apr/2026:12:24:42 +0000] "GET /api/users?id=1 OR 1=1 HTTP/1.1" 403 123 "-" "curl/7.68.0"
192.168.81 - - [16/Apr/2026:12:26:32 +0000] "GET /admin/config.php HTTP/1.1" 404 234 "-" "Mozilla/5.0"
172.16.135 - - [16/Apr/2026:12:27:02 +0000] "GET /api/users?id=1 OR 1=1 HTTP/1.1" 403 123 "-" "curl/7.68.0"
192.168.57 - - [16/Apr/2026:12:27:12 +0000] "GET /admin/config.php HTTP/1.1" 404 234 "-" "Mozilla/5.0"
192.168.98 - - [16/Apr/2026:12:28:33 +0000] "GET /admin/config.php HTTP/1.1" 404 234 "-" "Mozilla/5.0"
192.168.176 - - [16/Apr/2026:12:28:43 +0000] "GET /images/logo.png HTTP/1.1" 200 4567 "-" "Mozilla/5.0"
172.16.69 - - [16/Apr/2026:12:29:13 +0000] "GET /api/users?id=1 OR 1=1 HTTP/1.1" 403 123 "-" "curl/7.68.0"
172.16.210 - - [16/Apr/2026:12:29:33 +0000] "GET /api/users?id=1 OR 1=1 HTTP/1.1" 403 123 "-" "curl/7.68.0"
192.168.238 - - [16/Apr/2026:12:29:43 +0000] "GET /admin/config.php HTTP/1.1" 404 234 "-" "Mozilla/5.0"
192.168.167 - - [16/Apr/2026:12:30:33 +0000] "GET /admin/config.php HTTP/1.1" 404 234 "-" "Mozilla/5.0"
10.0.41 - - [16/Apr/2026:12:30:53 +0000] "POST /search?q=<script>alert(1)</script> HTTP/1.1" 403 89 "-" "Mozilla/5.0"
10.0.44 - - [16/Apr/2026:12:32:03 +0000] "POST /login.php HTTP/1.1" 200 567 "-" "Mozilla/5.0"
192.168.251 - - [16/Apr/2026:12:32:43 +0000] "GET /images/logo.png HTTP/1.1" 200 4567 "-" "Mozilla/5.0"
10.0.245 - - [16/Apr/2026:12:32:53 +0000] "POST /search?q=<script>alert(1)</script> HTTP/1.1" 403 89 "-" "Mozilla/5.0"
10.0.69 - - [16/Apr/2026:12:33:13 +0000] "POST /search?q=<script>alert(1)</script> HTTP/1.1" 403 89 "-" "Mozilla/5.0"
192.168.35 - - [16/Apr/2026:12:34:23 +0000] "GET /images/logo.png HTTP/1.1" 200 4567 "-" "Mozilla/5.0"
172.16.76 - - [16/Apr/2026:12:34:43 +0000] "GET /api/users?id=1 OR 1=1 HTTP/1.1" 403 123 "-" "curl/7.68.0"
172.16.28 - - [16/Apr/2026:12:35:13 +0000] "GET /api/users?id=1 OR 1=1 HTTP/1.1" 403 123 "-" "curl/7.68.0"
10.0.140 - - [16/Apr/2026:12:35:43 +0000] "POST /login.php HTTP/1.1" 200 567 "-" "Mozilla/5.0"
10.0.110 - - [16/Apr/2026:12:35:53 +0000] "POST /login.php HTTP/1.1" 200 567 "-" "Mozilla/5.0"
172.16.141 - - [16/Apr/2026:12:36:33 +0000] "GET /api/users?id=1 OR 1=1 HTTP/1.1" 403 123 "-" "curl/7.68.0"
172.16.19 - - [16/Apr/2026:12:36:43 +0000] "GET /api/users?id=1 OR 1=1 HTTP/1.1" 403 123 "-" "curl/7.68.0"
192.168.192 - - [16/Apr/2026:12:36:53 +0000] "GET /admin/config.php HTTP/1.1" 404 234 "-" "Mozilla/5.0"
172.16.154 - - [16/Apr/2026:12:37:03 +0000] "GET /api/users?id=1 OR 1=1 HTTP/1.1" 403 123 "-" "curl/7.68.0"
10.0.25 - - [16/Apr/2026:12:37:23 +0000] "POST /login.php HTTP/1.1" 200 567 "-" "Mozilla/5.0"
10.0.18 - - [16/Apr/2026:12:38:13 +0000] "POST /search?q=<script>alert(1)</script> HTTP/1.1" 403 89 "-" "Mozilla/5.0"
172.16.75 - - [16/Apr/2026:12:38:53 +0000] "GET /api/users?id=1 OR 1=1 HTTP/1.1" 403 123 "-" "curl/7.68.0"
10.0.63 - - [16/Apr/2026:12:39:03 +0000] "POST /search?q=<script>alert(1)</script> HTTP/1.1" 403 89 "-" "Mozilla/5.0"
192.168.207 - - [16/Apr/2026:12:39:23 +0000] "GET /images/logo.png HTTP/1.1" 200 4567 "-" "Mozilla/5.0"
192.168.168 - - [16/Apr/2026:12:39:53 +0000] "GET /admin/config.php HTTP/1.1" 404 234 "-" "Mozilla/5.0"
192.168.192 - - [16/Apr/2026:12:41:43 +0000] "GET /images/logo.png HTTP/1.1" 200 4567 "-" "Mozilla/5.0"
10.0.228 - - [16/Apr/2026:12:42:13 +0000] "POST /login.php HTTP/1.1" 200 567 "-" "Mozilla/5.0"
10.0.75 - - [16/Apr/2026:12:42:23 +0000] "POST /login.php HTTP/1.1" 200 567 "-" "Mozilla/5.0"
10.0.83 - - [16/Apr/2026:12:43:46 +0000] "POST /login.php HTTP/1.1" 200 567 "-" "Mozilla/5.0"
10.0.183 - - [16/Apr/2026:12:43:56 +0000] "POST /search?q=<script>alert(1)</script> HTTP/1.1" 403 89 "-" "Mozilla/5.0"
192.168.50 - - [16/Apr/2026:12:44:26 +0000] "GET /images/logo.png HTTP/1.1" 200 4567 "-" "Mozilla/5.0"
192.168.29 - - [16/Apr/2026:12:44:46 +0000] "GET /admin/config.php HTTP/1.1" 404 234 "-" "Mozilla/5.0"
172.16.141 - - [16/Apr/2026:12:44:56 +0000] "GET /api/users?id=1 OR 1=1 HTTP/1.1" 403 123 "-" "curl/7.68.0"
192.168.181 - - [16/Apr/2026:12:45:46 +0000] "GET /images/logo.png HTTP/1.1" 200 4567 "-" "Mozilla/5.0"
10.0.209 - - [16/Apr/2026:12:46:16 +0000] "POST /search?q=<script>alert(1)</script> HTTP/1.1" 403 89 "-" "Mozilla/5.0"
172.16.128 - - [16/Apr/2026:12:46:56 +0000] "GET /api/users?id=1 OR 1=1 HTTP/1.1" 403 123 "-" "curl/7.68.0"
192.168.232 - - [16/Apr/2026:12:47:06 +0000] "GET /admin/config.php HTTP/1.1" 404 234 "-" "Mozilla/5.0"
10.0.62 - - [16/Apr/2026:12:47:16 +0000] "POST /search?q=<script>alert(1)</script> HTTP/1.1" 403 89 "-" "Mozilla/5.0"
192.168.220 - - [16/Apr/2026:12:47:26 +0000] "GET /images/logo.png HTTP/1.1" 200 4567 "-" "Mozilla/5.0"
172.16.195 - - [16/Apr/2026:12:47:36 +0000] "GET /api/users?id=1 OR 1=1 HTTP/1.1" 403 123 "-" "curl/7.68.0"
192.168.116 - - [16/Apr/2026:12:48:26 +0000] "GET /admin/config.php HTTP/1.1" 404 234 "-" "Mozilla/5.0"
172.16.84 - - [16/Apr/2026:12:49:36 +0000] "GET /api/users?id=1 OR 1=1 HTTP/1.1" 403 123 "-" "curl/7.68.0"
192.168.81 - - [16/Apr/2026:12:49:46 +0000] "GET /images/logo.png HTTP/1.1" 200 4567 "-" "Mozilla/5.0"
192.168.144 - - [16/Apr/2026:12:52:46 +0000] "GET /admin/config.php HTTP/1.1" 404 234 "-" "Mozilla/5.0"
10.0.230 - - [16/Apr/2026:12:53:16 +0000] "POST /login.php HTTP/1.1" 200 567 "-" "Mozilla/5.0"
192.168.100 - - [16/Apr/2026:12:53:26 +0000] "GET /admin/config.php HTTP/1.1" 404 234 "-" "Mozilla/5.0"
10.0.92 - - [16/Apr/2026:12:53:46 +0000] "POST /login.php HTTP/1.1" 200 567 "-" "Mozilla/5.0"
192.168.210 - - [16/Apr/2026:12:54:16 +0000] "GET /admin/config.php HTTP/1.1" 404 234 "-" "Mozilla/5.0"
192.168.226 - - [16/Apr/2026:12:54:26 +0000] "GET /admin/config.php HTTP/1.1" 404 234 "-" "Mozilla/5.0"
192.168.236 - - [16/Apr/2026:12:56:07 +0000] "GET /admin/config.php HTTP/1.1" 404 234 "-" "Mozilla/5.0"
172.16.55 - - [16/Apr/2026:12:56:37 +0000] "GET /api/users?id=1 OR 1=1 HTTP/1.1" 403 123 "-" "curl/7.68.0"
10.0.126 - - [16/Apr/2026:12:56:47 +0000] "POST /login.php HTTP/1.1" 200 567 "-" "Mozilla/5.0"
192.168.196 - - [16/Apr/2026:12:57:17 +0000] "GET /images/logo.png HTTP/1.1" 200 4567 "-" "Mozilla/5.0"
192.168.238 - - [16/Apr/2026:12:57:37 +0000] "GET /admin/config.php HTTP/1.1" 404 234 "-" "Mozilla/5.0"
10.0.53 - - [16/Apr/2026:12:57:47 +0000] "POST /login.php HTTP/1.1" 200 567 "-" "Mozilla/5.0"
10.0.156 - - [16/Apr/2026:12:58:47 +0000] "POST /login.php HTTP/1.1" 200 567 "-" "Mozilla/5.0"
172.16.225 - - [16/Apr/2026:12:58:57 +0000] "GET /api/users?id=1 OR 1=1 HTTP/1.1" 403 123 "-" "curl/7.68.0"
172.16.118 - - [16/Apr/2026:12:59:37 +0000] "GET /api/users?id=1 OR 1=1 HTTP/1.1" 403 123 "-" "curl/7.68.0"
10.0.32 - - [16/Apr/2026:13:00:27 +0000] "POST /login.php HTTP/1.1" 200 567 "-" "Mozilla/5.0"
10.0.142 - - [16/Apr/2026:13:00:47 +0000] "POST /search?q=<script>alert(1)</script> HTTP/1.1" 403 89 "-" "Mozilla/5.0"
10.0.59 - - [16/Apr/2026:13:01:57 +0000] "POST /login.php HTTP/1.1" 200 567 "-" "Mozilla/5.0"
10.0.20 - - [16/Apr/2026:13:02:07 +0000] "POST /search?q=<script>alert(1)</script> HTTP/1.1" 403 89 "-" "Mozilla/5.0"
10.0.155 - - [16/Apr/2026:13:02:37 +0000] "POST /login.php HTTP/1.1" 200 567 "-" "Mozilla/5.0"
192.168.11 - - [16/Apr/2026:13:03:17 +0000] "GET /admin/config.php HTTP/1.1" 404 234 "-" "Mozilla/5.0"
172.16.182 - - [16/Apr/2026:13:04:27 +0000] "GET /api/users?id=1 OR 1=1 HTTP/1.1" 403 123 "-" "curl/7.68.0"
10.0.145 - - [16/Apr/2026:13:06:37 +0000] "POST /search?q=<script>alert(1)</script> HTTP/1.1" 403 89 "-" "Mozilla/5.0"
192.168.110 - - [16/Apr/2026:13:07:07 +0000] "GET /images/logo.png HTTP/1.1" 200 4567 "-" "Mozilla/5.0"
10.0.58 - - [16/Apr/2026:13:07:47 +0000] "POST /login.php HTTP/1.1" 200 567 "-" "Mozilla/5.0"
10.0.41 - - [16/Apr/2026:13:08:37 +0000] "POST /search?q=<script>alert(1)</script> HTTP/1.1" 403 89 "-" "Mozilla/5.0"
192.168.125 - - [16/Apr/2026:13:08:57 +0000] "GET /images/logo.png HTTP/1.1" 200 4567 "-" "Mozilla/5.0"
10.0.61 - - [16/Apr/2026:13:09:17 +0000] "POST /search?q=<script>alert(1)</script> HTTP/1.1" 403 89 "-" "Mozilla/5.0"
10.0.57 - - [16/Apr/2026:13:09:47 +0000] "POST /search?q=<script>alert(1)</script> HTTP/1.1" 403 89 "-" "Mozilla/5.0"
192.168.120 - - [16/Apr/2026:13:10:37 +0000] "GET /admin/config.php HTTP/1.1" 404 234 "-" "Mozilla/5.0"
10.0.43 - - [16/Apr/2026:13:11:17 +0000] "POST /login.php HTTP/1.1" 200 567 "-" "Mozilla/5.0"
10.0.136 - - [16/Apr/2026:13:11:47 +0000] "POST /search?q=<script>alert(1)</script> HTTP/1.1" 403 89 "-" "Mozilla/5.0"
10.0.185 - - [16/Apr/2026:13:12:07 +0000] "POST /login.php HTTP/1.1" 200 567 "-" "Mozilla/5.0"
10.0.120 - - [16/Apr/2026:13:13:57 +0000] "POST /search?q=<script>alert(1)</script> HTTP/1.1" 403 89 "-" "Mozilla/5.0"
10.0.74 - - [16/Apr/2026:13:14:07 +0000] "POST /search?q=<script>alert(1)</script> HTTP/1.1" 403 89 "-" "Mozilla/5.0"
10.0.13 - - [16/Apr/2026:13:14:58 +0000] "POST /search?q=<script>alert(1)</script> HTTP/1.1" 403 89 "-" "Mozilla/5.0"
192.168.116 - - [16/Apr/2026:13:17:08 +0000] "GET /images/logo.png HTTP/1.1" 200 4567 "-" "Mozilla/5.0"
172.16.175 - - [16/Apr/2026:13:17:18 +0000] "GET /api/users?id=1 OR 1=1 HTTP/1.1" 403 123 "-" "curl/7.68.0"
172.16.120 - - [16/Apr/2026:13:17:28 +0000] "GET /api/users?id=1 OR 1=1 HTTP/1.1" 403 123 "-" "curl/7.68.0"
192.168.122 - - [16/Apr/2026:13:18:18 +0000] "GET /images/logo.png HTTP/1.1" 200 4567 "-" "Mozilla/5.0"
172.16.18 - - [16/Apr/2026:13:18:38 +0000] "GET /api/users?id=1 OR 1=1 HTTP/1.1" 403 123 "-" "curl/7.68.0"
192.168.46 - - [16/Apr/2026:13:20:18 +0000] "GET /admin/config.php HTTP/1.1" 404 234 "-" "Mozilla/5.0"
10.0.47 - - [16/Apr/2026:13:20:48 +0000] "POST /login.php HTTP/1.1" 200 567 "-" "Mozilla/5.0"
192.168.219 - - [16/Apr/2026:13:21:48 +0000] "GET /admin/config.php HTTP/1.1" 404 234 "-" "Mozilla/5.0"
10.0.149 - - [16/Apr/2026:13:21:58 +0000] "POST /search?q=<script>alert(1)</script> HTTP/1.1" 403 89 "-" "Mozilla/5.0"
10.0.71 - - [16/Apr/2026:13:22:08 +0000] "POST /search?q=<script>alert(1)</script> HTTP/1.1" 403 89 "-" "Mozilla/5.0"
192.168.31 - - [16/Apr/2026:13:22:28 +0000] "GET /admin/config.php HTTP/1.1" 404 234 "-" "Mozilla/5.0"
10.0.131 - - [16/Apr/2026:13:23:38 +0000] "POST /login.php HTTP/1.1" 200 567 "-" "Mozilla/5.0"
192.168.132 - - [16/Apr/2026:13:23:48 +0000] "GET /admin/config.php HTTP/1.1" 404 234 "-" "Mozilla/5.0"
192.168.95 - - [16/Apr/2026:13:24:28 +0000] "GET /admin/config.php HTTP/1.1" 404 234 "-" "Mozilla/5.0"
172.16.149 - - [16/Apr/2026:13:24:58 +0000] "GET /api/users?id=1 OR 1=1 HTTP/1.1" 403 123 "-" "curl/7.68.0"
172.16.182 - - [16/Apr/2026:13:25:28 +0000] "GET /api/users?id=1 OR 1=1 HTTP/1.1" 403 123 "-" "curl/7.68.0"
192.168.121 - - [16/Apr/2026:13:25:58 +0000] "GET /images/logo.png HTTP/1.1" 200 4567 "-" "Mozilla/5.0"
192.168.79 - - [16/Apr/2026:13:26:08 +0000] "GET /images/logo.png HTTP/1.1" 200 4567 "-" "Mozilla/5.0"
192.168.74 - - [16/Apr/2026:13:26:58 +0000] "GET /images/logo.png HTTP/1.1" 200 4567 "-" "Mozilla/5.0"
192.168.246 - - [16/Apr/2026:13:28:50 +0000] "GET /images/logo.png HTTP/1.1" 200 4567 "-" "Mozilla/5.0"
192.168.60 - - [16/Apr/2026:13:29:30 +0000] "GET /images/logo.png HTTP/1.1" 200 4567 "-" "Mozilla/5.0"
172.16.72 - - [16/Apr/2026:13:30:30 +0000] "GET /api/users?id=1 OR 1=1 HTTP/1.1" 403 123 "-" "curl/7.68.0"
172.16.130 - - [16/Apr/2026:13:31:30 +0000] "GET /api/users?id=1 OR 1=1 HTTP/1.1" 403 123 "-" "curl/7.68.0"
192.168.108 - - [16/Apr/2026:13:32:00 +0000] "GET /admin/config.php HTTP/1.1" 404 234 "-" "Mozilla/5.0"
10.0.43 - - [16/Apr/2026:13:32:20 +0000] "POST /login.php HTTP/1.1" 200 567 "-" "Mozilla/5.0"
10.0.55 - - [16/Apr/2026:13:33:40 +0000] "POST /login.php HTTP/1.1" 200 567 "-" "Mozilla/5.0"
10.0.26 - - [16/Apr/2026:13:34:51 +0000] "POST /login.php HTTP/1.1" 200 567 "-" "Mozilla/5.0"
172.16.11 - - [16/Apr/2026:13:35:01 +0000] "GET /api/users?id=1 OR 1=1 HTTP/1.1" 403 123 "-" "curl/7.68.0"
10.0.67 - - [16/Apr/2026:13:35:11 +0000] "POST /search?q=<script>alert(1)</script> HTTP/1.1" 403 89 "-" "Mozilla/5.0"
172.16.23 - - [16/Apr/2026:13:35:21 +0000] "GET /api/users?id=1 OR 1=1 HTTP/1.1" 403 123 "-" "curl/7.68.0"
10.0.109 - - [16/Apr/2026:13:35:31 +0000] "POST /search?q=<script>alert(1)</script> HTTP/1.1" 403 89 "-" "Mozilla/5.0"
10.0.42 - - [16/Apr/2026:13:36:11 +0000] "POST /login.php HTTP/1.1" 200 567 "-" "Mozilla/5.0"
10.0.253 - - [16/Apr/2026:13:36:31 +0000] "POST /search?q=<script>alert(1)</script> HTTP/1.1" 403 89 "-" "Mozilla/5.0"
10.0.114 - - [16/Apr/2026:13:36:41 +0000] "POST /login.php HTTP/1.1" 200 567 "-" "Mozilla/5.0"
172.16.93 - - [16/Apr/2026:13:37:11 +0000] "GET /api/users?id=1 OR 1=1 HTTP/1.1" 403 123 "-" "curl/7.68.0"
10.0.70 - - [16/Apr/2026:13:38:41 +0000] "POST /login.php HTTP/1.1" 200 567 "-" "Mozilla/5.0"
172.16.151 - - [16/Apr/2026:13:39:01 +0000] "GET /api/users?id=1 OR 1=1 HTTP/1.1" 403 123 "-" "curl/7.68.0"
192.168.224 - - [16/Apr/2026:13:40:31 +0000] "GET /images/logo.png HTTP/1.1" 200 4567 "-" "Mozilla/5.0"
192.168.106 - - [16/Apr/2026:13:40:51 +0000] "GET /images/logo.png HTTP/1.1" 200 4567 "-" "Mozilla/5.0"
192.168.71 - - [16/Apr/2026:13:41:41 +0000] "GET /admin/config.php HTTP/1.1" 404 234 "-" "Mozilla/5.0"
192.168.125 - - [16/Apr/2026:13:42:01 +0000] "GET /images/logo.png HTTP/1.1" 200 4567 "-" "Mozilla/5.0"
192.168.249 - - [16/Apr/2026:13:42:11 +0000] "GET /admin/config.php HTTP/1.1" 404 234 "-" "Mozilla/5.0"
10.0.145 - - [16/Apr/2026:13:42:31 +0000] "POST /search?q=<script>alert(1)</script> HTTP/1.1" 403 89 "-" "Mozilla/5.0"
172.16.1 - - [16/Apr/2026:13:42:51 +0000] "GET /api/users?id=1 OR 1=1 HTTP/1.1" 403 123 "-" "curl/7.68.0"
192.168.46 - - [16/Apr/2026:13:43:01 +0000] "GET /admin/config.php HTTP/1.1" 404 234 "-" "Mozilla/5.0"
10.0.237 - - [16/Apr/2026:13:43:11 +0000] "POST /login.php HTTP/1.1" 200 567 "-" "Mozilla/5.0"
192.168.186 - - [16/Apr/2026:13:43:31 +0000] "GET /admin/config.php HTTP/1.1" 404 234 "-" "Mozilla/5.0"
172.16.112 - - [16/Apr/2026:13:43:41 +0000] "GET /api/users?id=1 OR 1=1 HTTP/1.1" 403 123 "-" "curl/7.68.0"
192.168.200 - - [16/Apr/2026:13:44:21 +0000] "GET /admin/config.php HTTP/1.1" 404 234 "-" "Mozilla/5.0"
172.16.54 - - [16/Apr/2026:13:44:31 +0000] "GET /api/users?id=1 OR 1=1 HTTP/1.1" 403 123 "-" "curl/7.68.0"
10.0.95 - - [16/Apr/2026:13:44:41 +0000] "POST /login.php HTTP/1.1" 200 567 "-" "Mozilla/5.0"
172.16.58 - - [16/Apr/2026:13:45:12 +0000] "GET /api/users?id=1 OR 1=1 HTTP/1.1" 403 123 "-" "curl/7.68.0"
10.0.20 - - [16/Apr/2026:13:45:22 +0000] "POST /search?q=<script>alert(1)</script> HTTP/1.1" 403 89 "-" "Mozilla/5.0"
172.16.138 - - [16/Apr/2026:13:45:32 +0000] "GET /api/users?id=1 OR 1=1 HTTP/1.1" 403 123 "-" "curl/7.68.0"
10.0.197 - - [16/Apr/2026:13:45:42 +0000] "POST /login.php HTTP/1.1" 200 567 "-" "Mozilla/5.0"
192.168.162 - - [16/Apr/2026:13:45:52 +0000] "GET /admin/config.php HTTP/1.1" 404 234 "-" "Mozilla/5.0"
10.0.85 - - [16/Apr/2026:13:46:02 +0000] "POST /login.php HTTP/1.1" 200 567 "-" "Mozilla/5.0"
192.168.77 - - [16/Apr/2026:13:46:32 +0000] "GET /images/logo.png HTTP/1.1" 200 4567 "-" "Mozilla/5.0"
10.0.209 - - [16/Apr/2026:13:46:52 +0000] "POST /login.php HTTP/1.1" 200 567 "-" "Mozilla/5.0"
10.0.30 - - [16/Apr/2026:13:47:52 +0000] "POST /search?q=<script>alert(1)</script> HTTP/1.1" 403 89 "-" "Mozilla/5.0"
192.168.119 - - [16/Apr/2026:13:48:02 +0000] "GET /images/logo.png HTTP/1.1" 200 4567 "-" "Mozilla/5.0"
172.16.52 - - [16/Apr/2026:13:48:22 +0000] "GET /api/users?id=1 OR 1=1 HTTP/1.1" 403 123 "-" "curl/7.68.0"
192.168.134 - - [16/Apr/2026:13:48:42 +0000] "GET /admin/config.php HTTP/1.1" 404 234 "-" "Mozilla/5.0"
192.168.181 - - [16/Apr/2026:13:48:52 +0000] "GET /images/logo.png HTTP/1.1" 200 4567 "-" "Mozilla/5.0"
10.0.85 - - [16/Apr/2026:13:49:02 +0000] "POST /login.php HTTP/1.1" 200 567 "-" "Mozilla/5.0"
10.0.123 - - [16/Apr/2026:13:49:22 +0000] "POST /login.php HTTP/1.1" 200 567 "-" "Mozilla/5.0"
192.168.154 - - [16/Apr/2026:13:51:32 +0000] "GET /admin/config.php HTTP/1.1" 404 234 "-" "Mozilla/5.0"
172.16.110 - - [16/Apr/2026:13:52:12 +0000] "GET /api/users?id=1 OR 1=1 HTTP/1.1" 403 123 "-" "curl/7.68.0"
192.168.91 - - [16/Apr/2026:13:52:32 +0000] "GET /admin/config.php HTTP/1.1" 404 234 "-" "Mozilla/5.0"
192.168.56 - - [16/Apr/2026:13:52:42 +0000] "GET /images/logo.png HTTP/1.1" 200 4567 "-" "Mozilla/5.0"
172.16.26 - - [16/Apr/2026:13:53:32 +0000] "GET /api/users?id=1 OR 1=1 HTTP/1.1" 403 123 "-" "curl/7.68.0"
192.168.163 - - [16/Apr/2026:13:53:42 +0000] "GET /admin/config.php HTTP/1.1" 404 234 "-" "Mozilla/5.0"
10.0.150 - - [16/Apr/2026:13:54:33 +0000] "POST /search?q=<script>alert(1)</script> HTTP/1.1" 403 89 "-" "Mozilla/5.0"
10.0.4 - - [16/Apr/2026:13:54:43 +0000] "POST /login.php HTTP/1.1" 200 567 "-" "Mozilla/5.0"
172.16.249 - - [16/Apr/2026:13:55:43 +0000] "GET /api/users?id=1 OR 1=1 HTTP/1.1" 403 123 "-" "curl/7.68.0"
172.16.213 - - [16/Apr/2026:13:56:23 +0000] "GET /api/users?id=1 OR 1=1 HTTP/1.1" 403 123 "-" "curl/7.68.0"
192.168.4 - - [16/Apr/2026:13:57:07 +0000] "GET /images/logo.png HTTP/1.1" 200 4567 "-" "Mozilla/5.0"
192.168.94 - - [16/Apr/2026:13:57:27 +0000] "GET /images/logo.png HTTP/1.1" 200 4567 "-" "Mozilla/5.0"
10.0.22 - - [16/Apr/2026:13:57:37 +0000] "POST /search?q=<script>alert(1)</script> HTTP/1.1" 403 89 "-" "Mozilla/5.0"
192.168.22 - - [16/Apr/2026:13:57:47 +0000] "GET /admin/config.php HTTP/1.1" 404 234 "-" "Mozilla/5.0"
192.168.151 - - [16/Apr/2026:13:58:28 +0000] "GET /admin/config.php HTTP/1.1" 404 234 "-" "Mozilla/5.0"
192.168.218 - - [16/Apr/2026:13:59:18 +0000] "GET /admin/config.php HTTP/1.1" 404 234 "-" "Mozilla/5.0"
192.168.100 - - [16/Apr/2026:13:59:28 +0000] "GET /admin/config.php HTTP/1.1" 404 234 "-" "Mozilla/5.0"
10.0.222 - - [16/Apr/2026:13:59:58 +0000] "POST /login.php HTTP/1.1" 200 567 "-" "Mozilla/5.0"
192.168.56 - - [16/Apr/2026:14:00:48 +0000] "GET /images/logo.png HTTP/1.1" 200 4567 "-" "Mozilla/5.0"
10.0.148 - - [16/Apr/2026:14:00:58 +0000] "POST /search?q=<script>alert(1)</script> HTTP/1.1" 403 89 "-" "Mozilla/5.0"
172.16.4 - - [16/Apr/2026:14:02:08 +0000] "GET /api/users?id=1 OR 1=1 HTTP/1.1" 403 123 "-" "curl/7.68.0"
192.168.226 - - [16/Apr/2026:14:02:28 +0000] "GET /images/logo.png HTTP/1.1" 200 4567 "-" "Mozilla/5.0"
172.16.166 - - [16/Apr/2026:14:03:08 +0000] "GET /api/users?id=1 OR 1=1 HTTP/1.1" 403 123 "-" "curl/7.68.0"
192.168.80 - - [16/Apr/2026:14:03:18 +0000] "GET /admin/config.php HTTP/1.1" 404 234 "-" "Mozilla/5.0"
10.0.45 - - [16/Apr/2026:14:03:38 +0000] "POST /login.php HTTP/1.1" 200 567 "-" "Mozilla/5.0"
192.168.173 - - [16/Apr/2026:14:04:08 +0000] "GET /images/logo.png HTTP/1.1" 200 4567 "-" "Mozilla/5.0"
172.16.223 - - [16/Apr/2026:14:04:38 +0000] "GET /api/users?id=1 OR 1=1 HTTP/1.1" 403 123 "-" "curl/7.68.0"
172.16.146 - - [16/Apr/2026:14:04:48 +0000] "GET /api/users?id=1 OR 1=1 HTTP/1.1" 403 123 "-" "curl/7.68.0"
172.16.64 - - [16/Apr/2026:14:05:08 +0000] "GET /api/users?id=1 OR 1=1 HTTP/1.1" 403 123 "-" "curl/7.68.0"
10.0.137 - - [16/Apr/2026:14:05:28 +0000] "POST /search?q=<script>alert(1)</script> HTTP/1.1" 403 89 "-" "Mozilla/5.0"
10.0.109 - - [16/Apr/2026:14:05:48 +0000] "POST /search?q=<script>alert(1)</script> HTTP/1.1" 403 89 "-" "Mozilla/5.0"
192.168.222 - - [16/Apr/2026:14:06:18 +0000] "GET /images/logo.png HTTP/1.1" 200 4567 "-" "Mozilla/5.0"
172.16.185 - - [16/Apr/2026:14:06:38 +0000] "GET /api/users?id=1 OR 1=1 HTTP/1.1" 403 123 "-" "curl/7.68.0"
10.0.157 - - [16/Apr/2026:14:07:48 +0000] "POST /search?q=<script>alert(1)</script> HTTP/1.1" 403 89 "-" "Mozilla/5.0"
10.0.58 - - [16/Apr/2026:14:08:08 +0000] "POST /login.php HTTP/1.1" 200 567 "-" "Mozilla/5.0"
192.168.214 - - [16/Apr/2026:14:08:18 +0000] "GET /images/logo.png HTTP/1.1" 200 4567 "-" "Mozilla/5.0"
172.16.29 - - [16/Apr/2026:14:09:18 +0000] "GET /api/users?id=1 OR 1=1 HTTP/1.1" 403 123 "-" "curl/7.68.0"
10.0.224 - - [16/Apr/2026:14:09:48 +0000] "POST /login.php HTTP/1.1" 200 567 "-" "Mozilla/5.0"
172.16.53 - - [16/Apr/2026:14:10:08 +0000] "GET /api/users?id=1 OR 1=1 HTTP/1.1" 403 123 "-" "curl/7.68.0"
10.0.181 - - [16/Apr/2026:14:10:18 +0000] "POST /login.php HTTP/1.1" 200 567 "-" "Mozilla/5.0"
192.168.158 - - [16/Apr/2026:14:12:19 +0000] "GET /admin/config.php HTTP/1.1" 404 234 "-" "Mozilla/5.0"
192.168.6 - - [16/Apr/2026:14:12:29 +0000] "GET /admin/config.php HTTP/1.1" 404 234 "-" "Mozilla/5.0"
10.0.76 - - [16/Apr/2026:14:12:39 +0000] "POST /search?q=<script>alert(1)</script> HTTP/1.1" 403 89 "-" "Mozilla/5.0"
192.168.92 - - [16/Apr/2026:14:13:29 +0000] "GET /admin/config.php HTTP/1.1" 404 234 "-" "Mozilla/5.0"
192.168.193 - - [16/Apr/2026:14:14:39 +0000] "GET /admin/config.php HTTP/1.1" 404 234 "-" "Mozilla/5.0"
172.16.90 - - [16/Apr/2026:14:14:59 +0000] "GET /api/users?id=1 OR 1=1 HTTP/1.1" 403 123 "-" "curl/7.68.0"
10.0.128 - - [16/Apr/2026:14:15:09 +0000] "POST /search?q=<script>alert(1)</script> HTTP/1.1" 403 89 "-" "Mozilla/5.0"
192.168.7 - - [16/Apr/2026:14:15:19 +0000] "GET /admin/config.php HTTP/1.1" 404 234 "-" "Mozilla/5.0"
172.16.234 - - [16/Apr/2026:14:15:49 +0000] "GET /api/users?id=1 OR 1=1 HTTP/1.1" 403 123 "-" "curl/7.68.0"
192.168.205 - - [16/Apr/2026:14:16:09 +0000] "GET /admin/config.php HTTP/1.1" 404 234 "-" "Mozilla/5.0"
192.168.44 - - [16/Apr/2026:14:16:19 +0000] "GET /images/logo.png HTTP/1.1" 200 4567 "-" "Mozilla/5.0"
10.0.53 - - [16/Apr/2026:14:16:59 +0000] "POST /search?q=<script>alert(1)</script> HTTP/1.1" 403 89 "-" "Mozilla/5.0"
192.168.73 - - [16/Apr/2026:14:17:59 +0000] "GET /images/logo.png HTTP/1.1" 200 4567 "-" "Mozilla/5.0"
10.0.142 - - [16/Apr/2026:14:18:39 +0000] "POST /login.php HTTP/1.1" 200 567 "-" "Mozilla/5.0"
192.168.32 - - [16/Apr/2026:14:19:09 +0000] "GET /admin/config.php HTTP/1.1" 404 234 "-" "Mozilla/5.0"
10.0.98 - - [16/Apr/2026:14:19:19 +0000] "POST /search?q=<script>alert(1)</script> HTTP/1.1" 403 89 "-" "Mozilla/5.0"
192.168.155 - - [16/Apr/2026:14:19:29 +0000] "GET /images/logo.png HTTP/1.1" 200 4567 "-" "Mozilla/5.0"
192.168.20 - - [16/Apr/2026:14:19:49 +0000] "GET /images/logo.png HTTP/1.1" 200 4567 "-" "Mozilla/5.0"
10.0.97 - - [16/Apr/2026:14:20:19 +0000] "POST /login.php HTTP/1.1" 200 567 "-" "Mozilla/5.0"
10.0.210 - - [16/Apr/2026:14:20:39 +0000] "POST /search?q=<script>alert(1)</script> HTTP/1.1" 403 89 "-" "Mozilla/5.0"
10.0.73 - - [16/Apr/2026:14:20:59 +0000] "POST /login.php HTTP/1.1" 200 567 "-" "Mozilla/5.0"
192.168.156 - - [16/Apr/2026:14:21:39 +0000] "GET /images/logo.png HTTP/1.1" 200 4567 "-" "Mozilla/5.0"
192.168.162 - - [16/Apr/2026:14:22:09 +0000] "GET /images/logo.png HTTP/1.1" 200 4567 "-" "Mozilla/5.0"
10.0.79 - - [16/Apr/2026:14:22:59 +0000] "POST /login.php HTTP/1.1" 200 567 "-" "Mozilla/5.0"
192.168.238 - - [16/Apr/2026:14:23:09 +0000] "GET /admin/config.php HTTP/1.1" 404 234 "-" "Mozilla/5.0"
10.0.57 - - [16/Apr/2026:14:24:00 +0000] "POST /login.php HTTP/1.1" 200 567 "-" "Mozilla/5.0"
10.0.210 - - [16/Apr/2026:14:24:10 +0000] "POST /login.php HTTP/1.1" 200 567 "-" "Mozilla/5.0"
172.16.119 - - [16/Apr/2026:14:24:20 +0000] "GET /api/users?id=1 OR 1=1 HTTP/1.1" 403 123 "-" "curl/7.68.0"
172.16.81 - - [16/Apr/2026:14:24:30 +0000] "GET /api/users?id=1 OR 1=1 HTTP/1.1" 403 123 "-" "curl/7.68.0"
192.168.157 - - [16/Apr/2026:14:24:40 +0000] "GET /images/logo.png HTTP/1.1" 200 4567 "-" "Mozilla/5.0"
172.16.143 - - [16/Apr/2026:14:25:00 +0000] "GET /api/users?id=1 OR 1=1 HTTP/1.1" 403 123 "-" "curl/7.68.0"
192.168.164 - - [16/Apr/2026:14:25:20 +0000] "GET /admin/config.php HTTP/1.1" 404 234 "-" "Mozilla/5.0"
10.0.81 - - [16/Apr/2026:14:25:40 +0000] "POST /login.php HTTP/1.1" 200 567 "-" "Mozilla/5.0"
10.0.89 - - [16/Apr/2026:14:26:20 +0000] "POST /login.php HTTP/1.1" 200 567 "-" "Mozilla/5.0"
172.16.139 - - [16/Apr/2026:14:26:30 +0000] "GET /api/users?id=1 OR 1=1 HTTP/1.1" 403 123 "-" "curl/7.68.0"
172.16.85 - - [16/Apr/2026:14:27:00 +0000] "GET /api/users?id=1 OR 1=1 HTTP/1.1" 403 123 "-" "curl/7.68.0"
10.0.128 - - [16/Apr/2026:14:27:30 +0000] "POST /login.php HTTP/1.1" 200 567 "-" "Mozilla/5.0"
172.16.145 - - [16/Apr/2026:14:28:40 +0000] "GET /api/users?id=1 OR 1=1 HTTP/1.1" 403 123 "-" "curl/7.68.0"
192.168.236 - - [16/Apr/2026:14:28:50 +0000] "GET /images/logo.png HTTP/1.1" 200 4567 "-" "Mozilla/5.0"
10.0.201 - - [16/Apr/2026:14:30:00 +0000] "POST /search?q=<script>alert(1)</script> HTTP/1.1" 403 89 "-" "Mozilla/5.0"
172.16.131 - - [16/Apr/2026:14:30:30 +0000] "GET /api/users?id=1 OR 1=1 HTTP/1.1" 403 123 "-" "curl/7.68.0"
172.16.84 - - [16/Apr/2026:14:31:40 +0000] "GET /api/users?id=1 OR 1=1 HTTP/1.1" 403 123 "-" "curl/7.68.0"
